<?xml version="1.0" encoding="utf-8" standalone="no"?>
<!DOCTYPE coverage SYSTEM "http://cobertura.sourceforge.net/xml/coverage-04.dtd">
<coverage line-rate="0.40909090909090912" branch-rate="0.045454545454545456" lines-covered="81" lines-valid="198" branches-covered="2" branches-valid="44" complexity="3" version="5.3.0.0" timestamp="1562274266">
  <sources>
    <source>C:\dev\nhibernate-aspnetcore\src\MilestoneTG.NHibernate.AspNetCore</source>
    <source>C:\dev\nhibernate-aspnetcore\test\MilestoneTG.NHibernate.AspNetCore.Tests</source>
    <source>C:\dev\nhibernate-aspnetcore\test\MilestoneTG.NHibernate.AspNetCore.Tests\obj\Debug\netcoreapp2.1</source>
    <source>C:\dev\nhibernate-extensions\src\MilestoneTG.NHibernate.Extensions.AspNetCore</source>
    <source>C:\dev\nhibernate-extensions\test\MilestoneTG.NHibernate.Extensions.AspNetCore.Tests</source>
    <source>C:\dev\nhibernate-extensions\test\MilestoneTG.NHibernate.Extensions.AspNetCore.Tests\obj\Debug\netcoreapp2.1</source>
  </sources>
  <packages>
    <package name="MilestoneTG.NHibernate.Extensions.AspNetCore" line-rate="0.78181818181818186" branch-rate="0.11764705882352941" complexity="1.3636363636363635">
      <classes>
        <class name="MilestoneTG.NHibernate.Extensions.AspNetCore.IApplicationBuilderExtensions" filename="C:\dev\nhibernate-extensions\src\MilestoneTG.NHibernate.Extensions.AspNetCore\IApplicationBuilderExtensions.cs" line-rate="0" branch-rate="0" complexity="2">
          <methods>
            <method name="UseNHibernate" signature="Microsoft.AspNetCore.Builder.IApplicationBuilder Microsoft.AspNetCore.Builder.IApplicationBuilder)" line-rate="0" branch-rate="0" complexity="2">
              <lines>
                <line number="56" hits="0" branch="false" />
                <line number="57" hits="0" branch="true" condition-coverage="0% (0/2)">
                  <conditions>
                    <condition number="3" type="jump" coverage="0%" />
                  </conditions>
                </line>
                <line number="58" hits="0" branch="false" />
                <line number="60" hits="0" branch="false" />
                <line number="61" hits="0" branch="false" />
              </lines>
            </method>
          </methods>
          <lines>
            <line number="56" hits="0" branch="false" />
            <line number="57" hits="0" branch="true" condition-coverage="0% (0/2)">
              <conditions>
                <condition number="3" type="jump" coverage="0%" />
              </conditions>
            </line>
            <line number="58" hits="0" branch="false" />
            <line number="60" hits="0" branch="false" />
            <line number="61" hits="0" branch="false" />
          </lines>
        </class>
        <class name="MilestoneTG.NHibernate.Extensions.AspNetCore.IServiceCollectionExtensions" filename="C:\dev\nhibernate-extensions\src\MilestoneTG.NHibernate.Extensions.AspNetCore\IServiceCollectionExtensions.cs" line-rate="1" branch-rate="0" complexity="1.25">
          <methods>
            <method name="AddNHibernate" signature="Microsoft.Extensions.DependencyInjection.IServiceCollection Microsoft.Extensions.DependencyInjection.IServiceCollection,System.String[])" line-rate="1" branch-rate="0" complexity="1">
              <lines>
                <line number="60" hits="1" branch="false" />
                <line number="61" hits="1" branch="false" />
                <line number="62" hits="1" branch="false" />
              </lines>
            </method>
            <method name="AddNHibernate" signature="Microsoft.Extensions.DependencyInjection.IServiceCollection Microsoft.Extensions.DependencyInjection.IServiceCollection,System.String,System.String[])" line-rate="1" branch-rate="0" complexity="1">
              <lines>
                <line number="110" hits="2" branch="false" />
                <line number="111" hits="2" branch="false" />
                <line number="121" hits="2" branch="false" />
                <line number="122" hits="2" branch="false" />
              </lines>
            </method>
            <method name="AddNHibernate" signature="Microsoft.Extensions.DependencyInjection.IServiceCollection Microsoft.Extensions.DependencyInjection.IServiceCollection,System.String,System.Collections.Generic.IDictionary`2&lt;System.String,System.String&gt;,System.String[])" line-rate="1" branch-rate="0" complexity="1">
              <lines>
                <line number="179" hits="1" branch="false" />
                <line number="180" hits="1" branch="false" />
                <line number="186" hits="1" branch="false" />
                <line number="187" hits="1" branch="false" />
              </lines>
            </method>
            <method name="AddNHibernate" signature="Microsoft.Extensions.DependencyInjection.IServiceCollection Microsoft.Extensions.DependencyInjection.IServiceCollection,System.Action`2&lt;System.IServiceProvider,NHibernate.Cfg.Configuration&gt;,System.String[])" line-rate="1" branch-rate="0" complexity="2">
              <lines>
                <line number="246" hits="3" branch="false" />
                <line number="247" hits="3" branch="false" />
                <line number="254" hits="3" branch="false" />
                <line number="259" hits="3" branch="false" />
                <line number="274" hits="3" branch="false" />
                <line number="275" hits="3" branch="false" />
              </lines>
            </method>
          </methods>
          <lines>
            <line number="60" hits="1" branch="false" />
            <line number="61" hits="1" branch="false" />
            <line number="62" hits="1" branch="false" />
            <line number="110" hits="2" branch="false" />
            <line number="111" hits="2" branch="false" />
            <line number="121" hits="2" branch="false" />
            <line number="122" hits="2" branch="false" />
            <line number="179" hits="1" branch="false" />
            <line number="180" hits="1" branch="false" />
            <line number="186" hits="1" branch="false" />
            <line number="187" hits="1" branch="false" />
            <line number="246" hits="3" branch="false" />
            <line number="247" hits="3" branch="false" />
            <line number="254" hits="3" branch="false" />
            <line number="259" hits="3" branch="false" />
            <line number="274" hits="3" branch="false" />
            <line number="275" hits="3" branch="false" />
          </lines>
        </class>
        <class name="MilestoneTG.NHibernate.Extensions.AspNetCore.IServiceCollectionExtensions/&lt;&gt;c" filename="C:\dev\nhibernate-extensions\src\MilestoneTG.NHibernate.Extensions.AspNetCore\IServiceCollectionExtensions.cs" line-rate="1" branch-rate="0" complexity="1">
          <methods>
            <method name="&lt;AddNHibernate&gt;b__3_1" signature="NHibernate.ISessionFactory System.IServiceProvider)" line-rate="1" branch-rate="0" complexity="1">
              <lines>
                <line number="255" hits="3" branch="false" />
                <line number="256" hits="3" branch="false" />
                <line number="257" hits="3" branch="false" />
              </lines>
            </method>
          </methods>
          <lines>
            <line number="255" hits="3" branch="false" />
            <line number="256" hits="3" branch="false" />
            <line number="257" hits="3" branch="false" />
          </lines>
        </class>
        <class name="MilestoneTG.NHibernate.Extensions.AspNetCore.IServiceCollectionExtensions/&lt;&gt;c__DisplayClass1_0" filename="C:\dev\nhibernate-extensions\src\MilestoneTG.NHibernate.Extensions.AspNetCore\IServiceCollectionExtensions.cs" line-rate="1" branch-rate="0" complexity="1">
          <methods>
            <method name="&lt;AddNHibernate&gt;b__0" signature="System.Void System.IServiceProvider,NHibernate.Cfg.Configuration)" line-rate="1" branch-rate="0" complexity="1">
              <lines>
                <line number="112" hits="2" branch="false" />
                <line number="113" hits="2" branch="false" />
                <line number="114" hits="2" branch="false" />
                <line number="116" hits="2" branch="false" />
                <line number="117" hits="2" branch="false" />
                <line number="118" hits="2" branch="false" />
                <line number="119" hits="2" branch="false" />
              </lines>
            </method>
          </methods>
          <lines>
            <line number="112" hits="2" branch="false" />
            <line number="113" hits="2" branch="false" />
            <line number="114" hits="2" branch="false" />
            <line number="116" hits="2" branch="false" />
            <line number="117" hits="2" branch="false" />
            <line number="118" hits="2" branch="false" />
            <line number="119" hits="2" branch="false" />
          </lines>
        </class>
        <class name="MilestoneTG.NHibernate.Extensions.AspNetCore.IServiceCollectionExtensions/&lt;&gt;c__DisplayClass2_0" filename="C:\dev\nhibernate-extensions\src\MilestoneTG.NHibernate.Extensions.AspNetCore\IServiceCollectionExtensions.cs" line-rate="1" branch-rate="0" complexity="1">
          <methods>
            <method name="&lt;AddNHibernate&gt;b__0" signature="System.Void System.IServiceProvider,NHibernate.Cfg.Configuration)" line-rate="1" branch-rate="0" complexity="1">
              <lines>
                <line number="181" hits="1" branch="false" />
                <line number="182" hits="1" branch="false" />
                <line number="183" hits="1" branch="false" />
                <line number="184" hits="1" branch="false" />
              </lines>
            </method>
          </methods>
          <lines>
            <line number="181" hits="1" branch="false" />
            <line number="182" hits="1" branch="false" />
            <line number="183" hits="1" branch="false" />
            <line number="184" hits="1" branch="false" />
          </lines>
        </class>
        <class name="MilestoneTG.NHibernate.Extensions.AspNetCore.IServiceCollectionExtensions/&lt;&gt;c__DisplayClass3_0" filename="C:\dev\nhibernate-extensions\src\MilestoneTG.NHibernate.Extensions.AspNetCore\IServiceCollectionExtensions.cs" line-rate="0.61111111111111116" branch-rate="0.33333333333333331" complexity="2">
          <methods>
            <method name="&lt;AddNHibernate&gt;b__0" signature="NHibernate.Cfg.Configuration System.IServiceProvider)" line-rate="1" branch-rate="0" complexity="1">
              <lines>
                <line number="248" hits="3" branch="false" />
                <line number="249" hits="3" branch="false" />
                <line number="250" hits="3" branch="false" />
                <line number="251" hits="3" branch="false" />
                <line number="252" hits="3" branch="false" />
              </lines>
            </method>
            <method name="&lt;AddNHibernate&gt;b__2" signature="NHibernate.ISession System.IServiceProvider)" line-rate="0.46153846153846156" branch-rate="0.4" complexity="3">
              <lines>
                <line number="260" hits="3" branch="false" />
                <line number="262" hits="3" branch="false" />
                <line number="263" hits="3" branch="false" />
                <line number="265" hits="3" branch="true" condition-coverage="50% (1/2)">
                  <conditions>
                    <condition number="47" type="jump" coverage="50%" />
                  </conditions>
                </line>
                <line number="266" hits="0" branch="false" />
                <line number="267" hits="0" branch="false" />
                <line number="267" hits="0" branch="false" />
                <line number="267" hits="0" branch="false" />
                <line number="268" hits="0" branch="false" />
                <line number="267" hits="0" branch="true" condition-coverage="0% (0/2)">
                  <conditions>
                    <condition number="41" type="jump" coverage="0%" />
                  </conditions>
                </line>
                <line number="269" hits="0" branch="false" />
                <line number="271" hits="3" branch="false" />
                <line number="272" hits="3" branch="false" />
              </lines>
            </method>
          </methods>
          <lines>
            <line number="248" hits="3" branch="false" />
            <line number="249" hits="3" branch="false" />
            <line number="250" hits="3" branch="false" />
            <line number="251" hits="3" branch="false" />
            <line number="252" hits="3" branch="false" />
            <line number="260" hits="3" branch="false" />
            <line number="262" hits="3" branch="false" />
            <line number="263" hits="3" branch="false" />
            <line number="265" hits="3" branch="true" condition-coverage="50% (1/2)">
              <conditions>
                <condition number="47" type="jump" coverage="50%" />
              </conditions>
            </line>
            <line number="266" hits="0" branch="false" />
            <line number="267" hits="0" branch="false" />
            <line number="267" hits="0" branch="false" />
            <line number="267" hits="0" branch="false" />
            <line number="267" hits="0" branch="true" condition-coverage="0% (0/2)">
              <conditions>
                <condition number="41" type="jump" coverage="0%" />
              </conditions>
            </line>
            <line number="268" hits="0" branch="false" />
            <line number="269" hits="0" branch="false" />
            <line number="271" hits="3" branch="false" />
            <line number="272" hits="3" branch="false" />
          </lines>
        </class>
        <class name="MilestoneTG.NHibernate.Extensions.AspNetCore.NHibernateOptions" filename="C:\dev\nhibernate-extensions\src\MilestoneTG.NHibernate.Extensions.AspNetCore\NHibernateOptions.cs" line-rate="1" branch-rate="0" complexity="1">
          <methods>
            <method name=".ctor" signature="System.Void )" line-rate="1" branch-rate="0" complexity="1">
              <lines>
                <line number="38" hits="2" branch="false" />
              </lines>
            </method>
          </methods>
          <lines>
            <line number="38" hits="2" branch="false" />
          </lines>
        </class>
      </classes>
    </package>
    <package name="MilestoneTG.NHibernate.AspNetCore" line-rate="0" branch-rate="0" complexity="1.3636363636363635">
      <classes>
        <class name="MilestoneTG.NHibernate.AspNetCore.IApplicationBuilderExtensions" filename="C:\dev\nhibernate-aspnetcore\src\MilestoneTG.NHibernate.AspNetCore\IApplicationBuilderExtensions.cs" line-rate="0" branch-rate="0" complexity="2">
          <methods>
            <method name="UseNHibernate" signature="Microsoft.AspNetCore.Builder.IApplicationBuilder Microsoft.AspNetCore.Builder.IApplicationBuilder)" line-rate="0" branch-rate="0" complexity="2">
              <lines>
                <line number="19" hits="0" branch="false" />
                <line number="20" hits="0" branch="true" condition-coverage="0% (0/2)">
                  <conditions>
                    <condition number="3" type="jump" coverage="0%" />
                  </conditions>
                </line>
                <line number="21" hits="0" branch="false" />
                <line number="23" hits="0" branch="false" />
                <line number="24" hits="0" branch="false" />
              </lines>
            </method>
          </methods>
          <lines>
            <line number="19" hits="0" branch="false" />
            <line number="20" hits="0" branch="true" condition-coverage="0% (0/2)">
              <conditions>
                <condition number="3" type="jump" coverage="0%" />
              </conditions>
            </line>
            <line number="21" hits="0" branch="false" />
            <line number="23" hits="0" branch="false" />
            <line number="24" hits="0" branch="false" />
          </lines>
        </class>
        <class name="MilestoneTG.NHibernate.AspNetCore.IServiceCollectionExtensions" filename="C:\dev\nhibernate-aspnetcore\src\MilestoneTG.NHibernate.AspNetCore\IServiceCollectionExtensions.cs" line-rate="0" branch-rate="0" complexity="1.25">
          <methods>
            <method name="AddNHibernate" signature="Microsoft.Extensions.DependencyInjection.IServiceCollection Microsoft.Extensions.DependencyInjection.IServiceCollection,System.String[])" line-rate="0" branch-rate="0" complexity="1">
              <lines>
                <line number="60" hits="0" branch="false" />
                <line number="61" hits="0" branch="false" />
                <line number="62" hits="0" branch="false" />
              </lines>
            </method>
            <method name="AddNHibernate" signature="Microsoft.Extensions.DependencyInjection.IServiceCollection Microsoft.Extensions.DependencyInjection.IServiceCollection,System.String,System.String[])" line-rate="0" branch-rate="0" complexity="1">
              <lines>
                <line number="110" hits="0" branch="false" />
                <line number="111" hits="0" branch="false" />
                <line number="120" hits="0" branch="false" />
                <line number="121" hits="0" branch="false" />
              </lines>
            </method>
            <method name="AddNHibernate" signature="Microsoft.Extensions.DependencyInjection.IServiceCollection Microsoft.Extensions.DependencyInjection.IServiceCollection,System.String,System.Collections.Generic.IDictionary`2&lt;System.String,System.String&gt;,System.String[])" line-rate="0" branch-rate="0" complexity="1">
              <lines>
                <line number="178" hits="0" branch="false" />
                <line number="179" hits="0" branch="false" />
                <line number="184" hits="0" branch="false" />
                <line number="185" hits="0" branch="false" />
              </lines>
            </method>
            <method name="AddNHibernate" signature="Microsoft.Extensions.DependencyInjection.IServiceCollection Microsoft.Extensions.DependencyInjection.IServiceCollection,System.Action`2&lt;System.IServiceProvider,NHibernate.Cfg.Configuration&gt;,System.String[])" line-rate="0" branch-rate="0" complexity="2">
              <lines>
                <line number="244" hits="0" branch="false" />
                <line number="245" hits="0" branch="false" />
                <line number="251" hits="0" branch="false" />
                <line number="255" hits="0" branch="false" />
                <line number="269" hits="0" branch="false" />
                <line number="270" hits="0" branch="false" />
              </lines>
            </method>
          </methods>
          <lines>
            <line number="60" hits="0" branch="false" />
            <line number="61" hits="0" branch="false" />
            <line number="62" hits="0" branch="false" />
            <line number="110" hits="0" branch="false" />
            <line number="111" hits="0" branch="false" />
            <line number="120" hits="0" branch="false" />
            <line number="121" hits="0" branch="false" />
            <line number="178" hits="0" branch="false" />
            <line number="179" hits="0" branch="false" />
            <line number="184" hits="0" branch="false" />
            <line number="185" hits="0" branch="false" />
            <line number="244" hits="0" branch="false" />
            <line number="245" hits="0" branch="false" />
            <line number="251" hits="0" branch="false" />
            <line number="255" hits="0" branch="false" />
            <line number="269" hits="0" branch="false" />
            <line number="270" hits="0" branch="false" />
          </lines>
        </class>
        <class name="MilestoneTG.NHibernate.AspNetCore.IServiceCollectionExtensions/&lt;&gt;c" filename="C:\dev\nhibernate-aspnetcore\src\MilestoneTG.NHibernate.AspNetCore\IServiceCollectionExtensions.cs" line-rate="0" branch-rate="0" complexity="1">
          <methods>
            <method name="&lt;AddNHibernate&gt;b__3_1" signature="NHibernate.ISessionFactory System.IServiceProvider)" line-rate="0" branch-rate="0" complexity="1">
              <lines>
                <line number="251" hits="0" branch="false" />
                <line number="252" hits="0" branch="false" />
                <line number="253" hits="0" branch="false" />
              </lines>
            </method>
          </methods>
          <lines>
            <line number="251" hits="0" branch="false" />
            <line number="252" hits="0" branch="false" />
            <line number="253" hits="0" branch="false" />
          </lines>
        </class>
        <class name="MilestoneTG.NHibernate.AspNetCore.IServiceCollectionExtensions/&lt;&gt;c__DisplayClass1_0" filename="C:\dev\nhibernate-aspnetcore\src\MilestoneTG.NHibernate.AspNetCore\IServiceCollectionExtensions.cs" line-rate="0" branch-rate="0" complexity="1">
          <methods>
            <method name="&lt;AddNHibernate&gt;b__0" signature="System.Void System.IServiceProvider,NHibernate.Cfg.Configuration)" line-rate="0" branch-rate="0" complexity="1">
              <lines>
                <line number="111" hits="0" branch="false" />
                <line number="112" hits="0" branch="false" />
                <line number="113" hits="0" branch="false" />
                <line number="115" hits="0" branch="false" />
                <line number="116" hits="0" branch="false" />
                <line number="117" hits="0" branch="false" />
                <line number="118" hits="0" branch="false" />
              </lines>
            </method>
          </methods>
          <lines>
            <line number="111" hits="0" branch="false" />
            <line number="112" hits="0" branch="false" />
            <line number="113" hits="0" branch="false" />
            <line number="115" hits="0" branch="false" />
            <line number="116" hits="0" branch="false" />
            <line number="117" hits="0" branch="false" />
            <line number="118" hits="0" branch="false" />
          </lines>
        </class>
        <class name="MilestoneTG.NHibernate.AspNetCore.IServiceCollectionExtensions/&lt;&gt;c__DisplayClass2_0" filename="C:\dev\nhibernate-aspnetcore\src\MilestoneTG.NHibernate.AspNetCore\IServiceCollectionExtensions.cs" line-rate="0" branch-rate="0" complexity="1">
          <methods>
            <method name="&lt;AddNHibernate&gt;b__0" signature="System.Void System.IServiceProvider,NHibernate.Cfg.Configuration)" line-rate="0" branch-rate="0" complexity="1">
              <lines>
                <line number="179" hits="0" branch="false" />
                <line number="180" hits="0" branch="false" />
                <line number="181" hits="0" branch="false" />
                <line number="182" hits="0" branch="false" />
              </lines>
            </method>
          </methods>
          <lines>
            <line number="179" hits="0" branch="false" />
            <line number="180" hits="0" branch="false" />
            <line number="181" hits="0" branch="false" />
            <line number="182" hits="0" branch="false" />
          </lines>
        </class>
        <class name="MilestoneTG.NHibernate.AspNetCore.IServiceCollectionExtensions/&lt;&gt;c__DisplayClass3_0" filename="C:\dev\nhibernate-aspnetcore\src\MilestoneTG.NHibernate.AspNetCore\IServiceCollectionExtensions.cs" line-rate="0" branch-rate="0" complexity="2">
          <methods>
            <method name="&lt;AddNHibernate&gt;b__0" signature="NHibernate.Cfg.Configuration System.IServiceProvider)" line-rate="0" branch-rate="0" complexity="1">
              <lines>
                <line number="245" hits="0" branch="false" />
                <line number="246" hits="0" branch="false" />
                <line number="247" hits="0" branch="false" />
                <line number="248" hits="0" branch="false" />
                <line number="249" hits="0" branch="false" />
              </lines>
            </method>
            <method name="&lt;AddNHibernate&gt;b__2" signature="NHibernate.ISession System.IServiceProvider)" line-rate="0" branch-rate="0" complexity="3">
              <lines>
                <line number="255" hits="0" branch="false" />
                <line number="257" hits="0" branch="false" />
                <line number="258" hits="0" branch="false" />
                <line number="260" hits="0" branch="true" condition-coverage="0% (0/2)">
                  <conditions>
                    <condition number="47" type="jump" coverage="0%" />
                  </conditions>
                </line>
                <line number="261" hits="0" branch="false" />
                <line number="262" hits="0" branch="false" />
                <line number="262" hits="0" branch="false" />
                <line number="262" hits="0" branch="false" />
                <line number="263" hits="0" branch="false" />
                <line number="262" hits="0" branch="true" condition-coverage="0% (0/2)">
                  <conditions>
                    <condition number="41" type="jump" coverage="0%" />
                  </conditions>
                </line>
                <line number="264" hits="0" branch="false" />
                <line number="266" hits="0" branch="false" />
                <line number="267" hits="0" branch="false" />
              </lines>
            </method>
          </methods>
          <lines>
            <line number="245" hits="0" branch="false" />
            <line number="246" hits="0" branch="false" />
            <line number="247" hits="0" branch="false" />
            <line number="248" hits="0" branch="false" />
            <line number="249" hits="0" branch="false" />
            <line number="255" hits="0" branch="false" />
            <line number="257" hits="0" branch="false" />
            <line number="258" hits="0" branch="false" />
            <line number="260" hits="0" branch="true" condition-coverage="0% (0/2)">
              <conditions>
                <condition number="47" type="jump" coverage="0%" />
              </conditions>
            </line>
            <line number="261" hits="0" branch="false" />
            <line number="262" hits="0" branch="false" />
            <line number="262" hits="0" branch="false" />
            <line number="262" hits="0" branch="false" />
            <line number="262" hits="0" branch="true" condition-coverage="0% (0/2)">
              <conditions>
                <condition number="41" type="jump" coverage="0%" />
              </conditions>
            </line>
            <line number="263" hits="0" branch="false" />
            <line number="264" hits="0" branch="false" />
            <line number="266" hits="0" branch="false" />
            <line number="267" hits="0" branch="false" />
          </lines>
        </class>
        <class name="MilestoneTG.NHibernate.AspNetCore.NHibernateOptions" filename="C:\dev\nhibernate-aspnetcore\src\MilestoneTG.NHibernate.AspNetCore\NHibernateOptions.cs" line-rate="0" branch-rate="0" complexity="1">
          <methods>
            <method name=".ctor" signature="System.Void )" line-rate="0" branch-rate="0" complexity="1">
              <lines>
                <line number="36" hits="0" branch="false" />
              </lines>
            </method>
          </methods>
          <lines>
            <line number="36" hits="0" branch="false" />
          </lines>
        </class>
      </classes>
    </package>
    <package name="MilestoneTG.NHibernate.Extensions.AspNetCore.Tests" line-rate="0.86363636363636365" branch-rate="0" complexity="1">
      <classes>
        <class name="AutoGeneratedProgram" filename="C:\dev\nhibernate-extensions\test\MilestoneTG.NHibernate.Extensions.AspNetCore.Tests\obj\Debug\netcoreapp2.1\MilestoneTG.NHibernate.Extensions.AspNetCore.Tests.Program.cs" line-rate="0" branch-rate="0" complexity="1">
          <methods>
            <method name="Main" signature="System.Void System.String[])" line-rate="0" branch-rate="0" complexity="1">
              <lines>
                <line number="4" hits="0" branch="false" />
                <line number="4" hits="0" branch="false" />
              </lines>
            </method>
          </methods>
          <lines>
            <line number="4" hits="0" branch="false" />
            <line number="4" hits="0" branch="false" />
          </lines>
        </class>
        <class name="MilestoneTG.NHibernate.Extensions.AspNetCore.Tests.Bar" filename="C:\dev\nhibernate-extensions\test\MilestoneTG.NHibernate.Extensions.AspNetCore.Tests\UnitTests.cs" line-rate="0" branch-rate="0" complexity="1">
          <methods>
            <method name=".ctor" signature="System.Void System.String)" line-rate="0" branch-rate="0" complexity="1">
              <lines>
                <line number="33" hits="0" branch="false" />
                <line number="34" hits="0" branch="false" />
                <line number="35" hits="0" branch="false" />
                <line number="36" hits="0" branch="false" />
              </lines>
            </method>
          </methods>
          <lines>
            <line number="33" hits="0" branch="false" />
            <line number="34" hits="0" branch="false" />
            <line number="35" hits="0" branch="false" />
            <line number="36" hits="0" branch="false" />
          </lines>
        </class>
        <class name="MilestoneTG.NHibernate.Extensions.AspNetCore.Tests.UnitTest1" filename="C:\dev\nhibernate-extensions\test\MilestoneTG.NHibernate.Extensions.AspNetCore.Tests\UnitTests.cs" line-rate="1" branch-rate="0" complexity="1">
          <methods>
            <method name="AddNHibernate" signature="System.Void )" line-rate="1" branch-rate="0" complexity="1">
              <lines>
                <line number="47" hits="1" branch="false" />
                <line number="48" hits="1" branch="false" />
                <line number="49" hits="1" branch="false" />
                <line number="50" hits="1" branch="false" />
                <line number="51" hits="1" branch="false" />
                <line number="53" hits="1" branch="false" />
                <line number="54" hits="1" branch="false" />
                <line number="55" hits="1" branch="false" />
                <line number="57" hits="1" branch="false" />
                <line number="58" hits="1" branch="false" />
                <line number="60" hits="1" branch="false" />
                <line number="61" hits="1" branch="false" />
                <line number="62" hits="1" branch="false" />
              </lines>
            </method>
            <method name="AddNHibernate_File" signature="System.Void )" line-rate="1" branch-rate="0" complexity="1">
              <lines>
                <line number="66" hits="1" branch="false" />
                <line number="67" hits="1" branch="false" />
                <line number="68" hits="1" branch="false" />
                <line number="69" hits="1" branch="false" />
                <line number="70" hits="1" branch="false" />
                <line number="72" hits="1" branch="false" />
                <line number="73" hits="1" branch="false" />
                <line number="74" hits="1" branch="false" />
                <line number="76" hits="1" branch="false" />
                <line number="77" hits="1" branch="false" />
                <line number="79" hits="1" branch="false" />
                <line number="80" hits="1" branch="false" />
                <line number="81" hits="1" branch="false" />
              </lines>
            </method>
            <method name="AddNHibernate_Properties" signature="System.Void )" line-rate="1" branch-rate="0" complexity="1">
              <lines>
                <line number="85" hits="1" branch="false" />
                <line number="86" hits="1" branch="false" />
                <line number="95" hits="1" branch="false" />
                <line number="96" hits="1" branch="false" />
                <line number="98" hits="1" branch="false" />
                <line number="99" hits="1" branch="false" />
                <line number="100" hits="1" branch="false" />
                <line number="102" hits="1" branch="false" />
                <line number="103" hits="1" branch="false" />
                <line number="105" hits="1" branch="false" />
                <line number="106" hits="1" branch="false" />
                <line number="107" hits="1" branch="false" />
              </lines>
            </method>
          </methods>
          <lines>
            <line number="47" hits="1" branch="false" />
            <line number="48" hits="1" branch="false" />
            <line number="49" hits="1" branch="false" />
            <line number="50" hits="1" branch="false" />
            <line number="51" hits="1" branch="false" />
            <line number="53" hits="1" branch="false" />
            <line number="54" hits="1" branch="false" />
            <line number="55" hits="1" branch="false" />
            <line number="57" hits="1" branch="false" />
            <line number="58" hits="1" branch="false" />
            <line number="60" hits="1" branch="false" />
            <line number="61" hits="1" branch="false" />
            <line number="62" hits="1" branch="false" />
            <line number="66" hits="1" branch="false" />
            <line number="67" hits="1" branch="false" />
            <line number="68" hits="1" branch="false" />
            <line number="69" hits="1" branch="false" />
            <line number="70" hits="1" branch="false" />
            <line number="72" hits="1" branch="false" />
            <line number="73" hits="1" branch="false" />
            <line number="74" hits="1" branch="false" />
            <line number="76" hits="1" branch="false" />
            <line number="77" hits="1" branch="false" />
            <line number="79" hits="1" branch="false" />
            <line number="80" hits="1" branch="false" />
            <line number="81" hits="1" branch="false" />
            <line number="85" hits="1" branch="false" />
            <line number="86" hits="1" branch="false" />
            <line number="95" hits="1" branch="false" />
            <line number="96" hits="1" branch="false" />
            <line number="98" hits="1" branch="false" />
            <line number="99" hits="1" branch="false" />
            <line number="100" hits="1" branch="false" />
            <line number="102" hits="1" branch="false" />
            <line number="103" hits="1" branch="false" />
            <line number="105" hits="1" branch="false" />
            <line number="106" hits="1" branch="false" />
            <line number="107" hits="1" branch="false" />
          </lines>
        </class>
      </classes>
    </package>
    <package name="MilestoneTG.NHibernate.AspNetCore.Tests" line-rate="0" branch-rate="0" complexity="1">
      <classes>
        <class name="AutoGeneratedProgram" filename="C:\dev\nhibernate-aspnetcore\test\MilestoneTG.NHibernate.AspNetCore.Tests\obj\Debug\netcoreapp2.1\MilestoneTG.NHibernate.AspNetCore.Tests.Program.cs" line-rate="0" branch-rate="0" complexity="1">
          <methods>
            <method name="Main" signature="System.Void System.String[])" line-rate="0" branch-rate="0" complexity="1">
              <lines>
                <line number="4" hits="0" branch="false" />
                <line number="4" hits="0" branch="false" />
              </lines>
            </method>
          </methods>
          <lines>
            <line number="4" hits="0" branch="false" />
            <line number="4" hits="0" branch="false" />
          </lines>
        </class>
        <class name="MilestoneTG.NHibernate.AspNetCore.Tests.Bar" filename="C:\dev\nhibernate-aspnetcore\test\MilestoneTG.NHibernate.AspNetCore.Tests\UnitTests.cs" line-rate="0" branch-rate="0" complexity="1">
          <methods>
            <method name=".ctor" signature="System.Void System.String)" line-rate="0" branch-rate="0" complexity="1">
              <lines>
                <line number="32" hits="0" branch="false" />
                <line number="33" hits="0" branch="false" />
                <line number="34" hits="0" branch="false" />
                <line number="35" hits="0" branch="false" />
              </lines>
            </method>
          </methods>
          <lines>
            <line number="32" hits="0" branch="false" />
            <line number="33" hits="0" branch="false" />
            <line number="34" hits="0" branch="false" />
            <line number="35" hits="0" branch="false" />
          </lines>
        </class>
        <class name="MilestoneTG.NHibernate.AspNetCore.Tests.UnitTest1" filename="C:\dev\nhibernate-aspnetcore\test\MilestoneTG.NHibernate.AspNetCore.Tests\UnitTests.cs" line-rate="0" branch-rate="0" complexity="1">
          <methods>
            <method name="AddNHibernate" signature="System.Void )" line-rate="0" branch-rate="0" complexity="1">
              <lines>
                <line number="46" hits="0" branch="false" />
                <line number="47" hits="0" branch="false" />
                <line number="48" hits="0" branch="false" />
                <line number="49" hits="0" branch="false" />
                <line number="50" hits="0" branch="false" />
                <line number="52" hits="0" branch="false" />
                <line number="53" hits="0" branch="false" />
                <line number="54" hits="0" branch="false" />
                <line number="56" hits="0" branch="false" />
                <line number="57" hits="0" branch="false" />
                <line number="59" hits="0" branch="false" />
                <line number="60" hits="0" branch="false" />
                <line number="61" hits="0" branch="false" />
              </lines>
            </method>
            <method name="AddNHibernate_File" signature="System.Void )" line-rate="0" branch-rate="0" complexity="1">
              <lines>
                <line number="65" hits="0" branch="false" />
                <line number="66" hits="0" branch="false" />
                <line number="67" hits="0" branch="false" />
                <line number="68" hits="0" branch="false" />
                <line number="69" hits="0" branch="false" />
                <line number="71" hits="0" branch="false" />
                <line number="72" hits="0" branch="false" />
                <line number="73" hits="0" branch="false" />
                <line number="75" hits="0" branch="false" />
                <line number="76" hits="0" branch="false" />
                <line number="78" hits="0" branch="false" />
                <line number="79" hits="0" branch="false" />
                <line number="80" hits="0" branch="false" />
              </lines>
            </method>
            <method name="AddNHibernate_Properties" signature="System.Void )" line-rate="0" branch-rate="0" complexity="1">
              <lines>
                <line number="84" hits="0" branch="false" />
                <line number="85" hits="0" branch="false" />
                <line number="94" hits="0" branch="false" />
                <line number="95" hits="0" branch="false" />
                <line number="97" hits="0" branch="false" />
                <line number="98" hits="0" branch="false" />
                <line number="99" hits="0" branch="false" />
                <line number="101" hits="0" branch="false" />
                <line number="102" hits="0" branch="false" />
                <line number="104" hits="0" branch="false" />
                <line number="105" hits="0" branch="false" />
                <line number="106" hits="0" branch="false" />
              </lines>
            </method>
          </methods>
          <lines>
            <line number="46" hits="0" branch="false" />
            <line number="47" hits="0" branch="false" />
            <line number="48" hits="0" branch="false" />
            <line number="49" hits="0" branch="false" />
            <line number="50" hits="0" branch="false" />
            <line number="52" hits="0" branch="false" />
            <line number="53" hits="0" branch="false" />
            <line number="54" hits="0" branch="false" />
            <line number="56" hits="0" branch="false" />
            <line number="57" hits="0" branch="false" />
            <line number="59" hits="0" branch="false" />
            <line number="60" hits="0" branch="false" />
            <line number="61" hits="0" branch="false" />
            <line number="65" hits="0" branch="false" />
            <line number="66" hits="0" branch="false" />
            <line number="67" hits="0" branch="false" />
            <line number="68" hits="0" branch="false" />
            <line number="69" hits="0" branch="false" />
            <line number="71" hits="0" branch="false" />
            <line number="72" hits="0" branch="false" />
            <line number="73" hits="0" branch="false" />
            <line number="75" hits="0" branch="false" />
            <line number="76" hits="0" branch="false" />
            <line number="78" hits="0" branch="false" />
            <line number="79" hits="0" branch="false" />
            <line number="80" hits="0" branch="false" />
            <line number="84" hits="0" branch="false" />
            <line number="85" hits="0" branch="false" />
            <line number="94" hits="0" branch="false" />
            <line number="95" hits="0" branch="false" />
            <line number="97" hits="0" branch="false" />
            <line number="98" hits="0" branch="false" />
            <line number="99" hits="0" branch="false" />
            <line number="101" hits="0" branch="false" />
            <line number="102" hits="0" branch="false" />
            <line number="104" hits="0" branch="false" />
            <line number="105" hits="0" branch="false" />
            <line number="106" hits="0" branch="false" />
          </lines>
        </class>
      </classes>
    </package>
  </packages>
</coverage>