<?xml version="1.0" encoding="utf-8" standalone="yes"?>
<CoverageSession xmlns:xsd="http://www.w3.org/2001/XMLSchema" xmlns:xsi="http://www.w3.org/2001/XMLSchema-instance">
  <Summary numSequencePoints="198" visitedSequencePoints="81" numBranchPoints="44" visitedBranchPoints="2" sequenceCoverage="40.91" branchCoverage="4.55" maxCyclomaticComplexity="3" minCyclomaticComplexity="1" visitedClasses="7" numClasses="20" visitedMethods="13" numMethods="32" minCrapScore="1" maxCrapScore="4.41" />
  <Modules>
    <Module hash="1B-B3-71-19-31-8D-B5-9E-BA-E9-8A-60-42-F1-21-A7-E4-29-45-B0">
      <Summary numSequencePoints="55" visitedSequencePoints="43" numBranchPoints="17" visitedBranchPoints="2" sequenceCoverage="78.18" branchCoverage="11.76" maxCyclomaticComplexity="3" minCyclomaticComplexity="1" visitedClasses="6" numClasses="7" visitedMethods="10" numMethods="11" minCrapScore="1" maxCrapScore="4.41" />
      <ModulePath>C:\dev\nhibernate-extensions\test\MilestoneTG.NHibernate.Extensions.AspNetCore.Tests\bin\Debug\netcoreapp2.1\__Saved\MilestoneTG.NHibernate.Extensions.AspNetCore.dll</ModulePath>
      <ModuleTime>2019-07-04T20:50:39.185604Z</ModuleTime>
      <ModuleName>MilestoneTG.NHibernate.Extensions.AspNetCore</ModuleName>
      <Files>
        <File uid="1" fullPath="C:\dev\nhibernate-extensions\src\MilestoneTG.NHibernate.Extensions.AspNetCore\IApplicationBuilderExtensions.cs" />
        <File uid="2" fullPath="C:\dev\nhibernate-extensions\src\MilestoneTG.NHibernate.Extensions.AspNetCore\IServiceCollectionExtensions.cs" />
        <File uid="3" fullPath="C:\dev\nhibernate-extensions\src\MilestoneTG.NHibernate.Extensions.AspNetCore\NHibernateOptions.cs" />
      </Files>
      <Classes>
        <Class>
          <Summary numSequencePoints="0" visitedSequencePoints="0" numBranchPoints="0" visitedBranchPoints="0" sequenceCoverage="0" branchCoverage="0" maxCyclomaticComplexity="0" minCyclomaticComplexity="0" visitedClasses="0" numClasses="0" visitedMethods="0" numMethods="0" minCrapScore="0" maxCrapScore="0" />
          <FullName>&lt;Module&gt;</FullName>
          <Methods />
        </Class>
        <Class>
          <Summary numSequencePoints="5" visitedSequencePoints="0" numBranchPoints="3" visitedBranchPoints="0" sequenceCoverage="0" branchCoverage="0" maxCyclomaticComplexity="2" minCyclomaticComplexity="1" visitedClasses="0" numClasses="1" visitedMethods="0" numMethods="1" minCrapScore="0" maxCrapScore="0" />
          <FullName>MilestoneTG.NHibernate.Extensions.AspNetCore.IApplicationBuilderExtensions</FullName>
          <Methods>
            <Method visited="false" cyclomaticComplexity="2" nPathComplexity="2" sequenceCoverage="0" branchCoverage="0" isConstructor="false" isStatic="true" isGetter="false" isSetter="false" crapScore="0">
              <Summary numSequencePoints="5" visitedSequencePoints="0" numBranchPoints="3" visitedBranchPoints="0" sequenceCoverage="0" branchCoverage="0" maxCyclomaticComplexity="2" minCyclomaticComplexity="2" visitedClasses="0" numClasses="0" visitedMethods="0" numMethods="1" minCrapScore="0" maxCrapScore="0" />
              <MetadataToken>100663297</MetadataToken>
              <Name>Microsoft.AspNetCore.Builder.IApplicationBuilder MilestoneTG.NHibernate.Extensions.AspNetCore.IApplicationBuilderExtensions::UseNHibernate(Microsoft.AspNetCore.Builder.IApplicationBuilder)</Name>
              <FileRef uid="1" />
              <SequencePoints>
                <SequencePoint vc="0" uspid="4" ordinal="0" offset="0" sl="56" sc="9" el="56" ec="10" bec="0" bev="0" fileid="1" />
                <SequencePoint vc="0" uspid="3" ordinal="1" offset="1" sl="57" sc="13" el="57" ec="83" bec="2" bev="0" fileid="1" />
                <SequencePoint vc="0" uspid="2" ordinal="2" offset="19" sl="58" sc="17" el="58" ec="98" bec="0" bev="0" fileid="1" />
                <SequencePoint vc="0" uspid="1" ordinal="3" offset="30" sl="60" sc="13" el="60" ec="28" bec="0" bev="0" fileid="1" />
                <SequencePoint vc="0" uspid="0" ordinal="4" offset="34" sl="61" sc="9" el="61" ec="10" bec="0" bev="0" fileid="1" />
              </SequencePoints>
              <BranchPoints>
                <BranchPoint vc="0" uspid="0" ordinal="0" offset="17" sl="57" path="0" offsetend="19" fileid="1" />
                <BranchPoint vc="0" uspid="1" ordinal="1" offset="17" sl="57" path="1" offsetend="30" fileid="1" />
              </BranchPoints>
              <MethodPoint xsi:type="SequencePoint" vc="0" uspid="4" ordinal="0" offset="0" sl="56" sc="9" el="56" ec="10" bec="0" bev="0" fileid="1" />
            </Method>
          </Methods>
        </Class>
        <Class>
          <Summary numSequencePoints="17" visitedSequencePoints="17" numBranchPoints="4" visitedBranchPoints="0" sequenceCoverage="100" branchCoverage="0" maxCyclomaticComplexity="2" minCyclomaticComplexity="1" visitedClasses="1" numClasses="1" visitedMethods="4" numMethods="4" minCrapScore="1" maxCrapScore="2" />
          <FullName>MilestoneTG.NHibernate.Extensions.AspNetCore.IServiceCollectionExtensions</FullName>
          <Methods>
            <Method visited="true" cyclomaticComplexity="1" nPathComplexity="0" sequenceCoverage="100" branchCoverage="0" isConstructor="false" isStatic="true" isGetter="false" isSetter="false" crapScore="1">
              <Summary numSequencePoints="3" visitedSequencePoints="3" numBranchPoints="1" visitedBranchPoints="0" sequenceCoverage="100" branchCoverage="0" maxCyclomaticComplexity="1" minCyclomaticComplexity="1" visitedClasses="0" numClasses="0" visitedMethods="1" numMethods="1" minCrapScore="1" maxCrapScore="1" />
              <MetadataToken>100663298</MetadataToken>
              <Name>Microsoft.Extensions.DependencyInjection.IServiceCollection MilestoneTG.NHibernate.Extensions.AspNetCore.IServiceCollectionExtensions::AddNHibernate(Microsoft.Extensions.DependencyInjection.IServiceCollection,System.String[])</Name>
              <FileRef uid="2" />
              <SequencePoints>
                <SequencePoint vc="1" uspid="7" ordinal="0" offset="0" sl="60" sc="9" el="60" ec="10" bec="0" bev="0" fileid="2" />
                <SequencePoint vc="1" uspid="6" ordinal="1" offset="1" sl="61" sc="13" el="61" ec="73" bec="0" bev="0" fileid="2" />
                <SequencePoint vc="1" uspid="5" ordinal="2" offset="16" sl="62" sc="9" el="62" ec="10" bec="0" bev="0" fileid="2" />
              </SequencePoints>
              <BranchPoints />
              <MethodPoint xsi:type="SequencePoint" vc="1" uspid="7" ordinal="0" offset="0" sl="60" sc="9" el="60" ec="10" bec="0" bev="0" fileid="2" />
            </Method>
            <Method visited="true" cyclomaticComplexity="1" nPathComplexity="0" sequenceCoverage="100" branchCoverage="0" isConstructor="false" isStatic="true" isGetter="false" isSetter="false" crapScore="1">
              <Summary numSequencePoints="4" visitedSequencePoints="4" numBranchPoints="1" visitedBranchPoints="0" sequenceCoverage="100" branchCoverage="0" maxCyclomaticComplexity="1" minCyclomaticComplexity="1" visitedClasses="0" numClasses="0" visitedMethods="1" numMethods="1" minCrapScore="1" maxCrapScore="1" />
              <MetadataToken>100663299</MetadataToken>
              <Name>Microsoft.Extensions.DependencyInjection.IServiceCollection MilestoneTG.NHibernate.Extensions.AspNetCore.IServiceCollectionExtensions::AddNHibernate(Microsoft.Extensions.DependencyInjection.IServiceCollection,System.String,System.String[])</Name>
              <FileRef uid="2" />
              <SequencePoints>
                <SequencePoint vc="2" uspid="11" ordinal="0" offset="13" sl="110" sc="9" el="110" ec="10" bec="0" bev="0" fileid="2" />
                <SequencePoint vc="2" uspid="10" ordinal="1" offset="14" sl="111" sc="13" el="119" ec="25" bec="0" bev="0" fileid="2" />
                <SequencePoint vc="2" uspid="9" ordinal="2" offset="34" sl="121" sc="13" el="121" ec="29" bec="0" bev="0" fileid="2" />
                <SequencePoint vc="2" uspid="8" ordinal="3" offset="38" sl="122" sc="9" el="122" ec="10" bec="0" bev="0" fileid="2" />
              </SequencePoints>
              <BranchPoints />
              <MethodPoint xsi:type="SequencePoint" vc="2" uspid="11" ordinal="0" offset="13" sl="110" sc="9" el="110" ec="10" bec="0" bev="0" fileid="2" />
            </Method>
            <Method visited="true" cyclomaticComplexity="1" nPathComplexity="0" sequenceCoverage="100" branchCoverage="0" isConstructor="false" isStatic="true" isGetter="false" isSetter="false" crapScore="1">
              <Summary numSequencePoints="4" visitedSequencePoints="4" numBranchPoints="1" visitedBranchPoints="0" sequenceCoverage="100" branchCoverage="0" maxCyclomaticComplexity="1" minCyclomaticComplexity="1" visitedClasses="0" numClasses="0" visitedMethods="1" numMethods="1" minCrapScore="1" maxCrapScore="1" />
              <MetadataToken>100663300</MetadataToken>
              <Name>Microsoft.Extensions.DependencyInjection.IServiceCollection MilestoneTG.NHibernate.Extensions.AspNetCore.IServiceCollectionExtensions::AddNHibernate(Microsoft.Extensions.DependencyInjection.IServiceCollection,System.String,System.Collections.Generic.IDictionary`2&lt;System.String,System.String&gt;,System.String[])</Name>
              <FileRef uid="2" />
              <SequencePoints>
                <SequencePoint vc="1" uspid="15" ordinal="0" offset="20" sl="179" sc="9" el="179" ec="10" bec="0" bev="0" fileid="2" />
                <SequencePoint vc="1" uspid="14" ordinal="1" offset="21" sl="180" sc="13" el="184" ec="25" bec="0" bev="0" fileid="2" />
                <SequencePoint vc="1" uspid="13" ordinal="2" offset="41" sl="186" sc="13" el="186" ec="29" bec="0" bev="0" fileid="2" />
                <SequencePoint vc="1" uspid="12" ordinal="3" offset="45" sl="187" sc="9" el="187" ec="10" bec="0" bev="0" fileid="2" />
              </SequencePoints>
              <BranchPoints />
              <MethodPoint xsi:type="SequencePoint" vc="1" uspid="15" ordinal="0" offset="20" sl="179" sc="9" el="179" ec="10" bec="0" bev="0" fileid="2" />
            </Method>
            <Method visited="true" cyclomaticComplexity="2" nPathComplexity="0" sequenceCoverage="100" branchCoverage="0" isConstructor="false" isStatic="true" isGetter="false" isSetter="false" crapScore="2">
              <Summary numSequencePoints="6" visitedSequencePoints="6" numBranchPoints="1" visitedBranchPoints="0" sequenceCoverage="100" branchCoverage="0" maxCyclomaticComplexity="2" minCyclomaticComplexity="2" visitedClasses="0" numClasses="0" visitedMethods="1" numMethods="1" minCrapScore="2" maxCrapScore="2" />
              <MetadataToken>100663301</MetadataToken>
              <Name>Microsoft.Extensions.DependencyInjection.IServiceCollection MilestoneTG.NHibernate.Extensions.AspNetCore.IServiceCollectionExtensions::AddNHibernate(Microsoft.Extensions.DependencyInjection.IServiceCollection,System.Action`2&lt;System.IServiceProvider,NHibernate.Cfg.Configuration&gt;,System.String[])</Name>
              <FileRef uid="2" />
              <SequencePoints>
                <SequencePoint vc="3" uspid="21" ordinal="0" offset="20" sl="246" sc="9" el="246" ec="10" bec="0" bev="0" fileid="2" />
                <SequencePoint vc="3" uspid="20" ordinal="1" offset="21" sl="247" sc="13" el="252" ec="16" bec="0" bev="0" fileid="2" />
                <SequencePoint vc="3" uspid="19" ordinal="2" offset="40" sl="254" sc="13" el="257" ec="16" bec="0" bev="0" fileid="2" />
                <SequencePoint vc="3" uspid="18" ordinal="3" offset="78" sl="259" sc="13" el="272" ec="16" bec="0" bev="0" fileid="2" />
                <SequencePoint vc="3" uspid="17" ordinal="4" offset="97" sl="274" sc="13" el="274" ec="29" bec="0" bev="0" fileid="2" />
                <SequencePoint vc="3" uspid="16" ordinal="5" offset="101" sl="275" sc="9" el="275" ec="10" bec="0" bev="0" fileid="2" />
              </SequencePoints>
              <BranchPoints />
              <MethodPoint xsi:type="SequencePoint" vc="3" uspid="21" ordinal="0" offset="20" sl="246" sc="9" el="246" ec="10" bec="0" bev="0" fileid="2" />
            </Method>
          </Methods>
        </Class>
        <Class>
          <Summary numSequencePoints="7" visitedSequencePoints="7" numBranchPoints="1" visitedBranchPoints="0" sequenceCoverage="100" branchCoverage="0" maxCyclomaticComplexity="1" minCyclomaticComplexity="1" visitedClasses="1" numClasses="1" visitedMethods="1" numMethods="1" minCrapScore="1" maxCrapScore="1" />
          <FullName>MilestoneTG.NHibernate.Extensions.AspNetCore.IServiceCollectionExtensions/&lt;&gt;c__DisplayClass1_0</FullName>
          <Methods>
            <Method visited="true" cyclomaticComplexity="1" nPathComplexity="0" sequenceCoverage="100" branchCoverage="0" isConstructor="false" isStatic="false" isGetter="false" isSetter="false" crapScore="1">
              <Summary numSequencePoints="7" visitedSequencePoints="7" numBranchPoints="1" visitedBranchPoints="0" sequenceCoverage="100" branchCoverage="0" maxCyclomaticComplexity="1" minCyclomaticComplexity="1" visitedClasses="0" numClasses="0" visitedMethods="1" numMethods="1" minCrapScore="1" maxCrapScore="1" />
              <MetadataToken>100663308</MetadataToken>
              <Name>System.Void MilestoneTG.NHibernate.Extensions.AspNetCore.IServiceCollectionExtensions/&lt;&gt;c__DisplayClass1_0::&lt;AddNHibernate&gt;b__0(System.IServiceProvider,NHibernate.Cfg.Configuration)</Name>
              <FileRef uid="2" />
              <SequencePoints>
                <SequencePoint vc="2" uspid="28" ordinal="0" offset="0" sl="112" sc="13" el="112" ec="14" bec="0" bev="0" fileid="2" />
                <SequencePoint vc="2" uspid="27" ordinal="1" offset="1" sl="113" sc="17" el="113" ec="82" bec="0" bev="0" fileid="2" />
                <SequencePoint vc="2" uspid="26" ordinal="2" offset="8" sl="114" sc="17" el="114" ec="123" bec="0" bev="0" fileid="2" />
                <SequencePoint vc="2" uspid="25" ordinal="3" offset="25" sl="116" sc="17" el="116" ec="132" bec="0" bev="0" fileid="2" />
                <SequencePoint vc="2" uspid="24" ordinal="4" offset="54" sl="117" sc="17" el="117" ec="58" bec="0" bev="0" fileid="2" />
                <SequencePoint vc="2" uspid="23" ordinal="5" offset="67" sl="118" sc="17" el="118" ec="51" bec="0" bev="0" fileid="2" />
                <SequencePoint vc="2" uspid="22" ordinal="6" offset="80" sl="119" sc="13" el="119" ec="14" bec="0" bev="0" fileid="2" />
              </SequencePoints>
              <BranchPoints />
              <MethodPoint xsi:type="SequencePoint" vc="2" uspid="28" ordinal="0" offset="0" sl="112" sc="13" el="112" ec="14" bec="0" bev="0" fileid="2" />
            </Method>
          </Methods>
        </Class>
        <Class>
          <Summary numSequencePoints="4" visitedSequencePoints="4" numBranchPoints="1" visitedBranchPoints="0" sequenceCoverage="100" branchCoverage="0" maxCyclomaticComplexity="1" minCyclomaticComplexity="1" visitedClasses="1" numClasses="1" visitedMethods="1" numMethods="1" minCrapScore="1" maxCrapScore="1" />
          <FullName>MilestoneTG.NHibernate.Extensions.AspNetCore.IServiceCollectionExtensions/&lt;&gt;c__DisplayClass2_0</FullName>
          <Methods>
            <Method visited="true" cyclomaticComplexity="1" nPathComplexity="0" sequenceCoverage="100" branchCoverage="0" isConstructor="false" isStatic="false" isGetter="false" isSetter="false" crapScore="1">
              <Summary numSequencePoints="4" visitedSequencePoints="4" numBranchPoints="1" visitedBranchPoints="0" sequenceCoverage="100" branchCoverage="0" maxCyclomaticComplexity="1" minCyclomaticComplexity="1" visitedClasses="0" numClasses="0" visitedMethods="1" numMethods="1" minCrapScore="1" maxCrapScore="1" />
              <MetadataToken>100663310</MetadataToken>
              <Name>System.Void MilestoneTG.NHibernate.Extensions.AspNetCore.IServiceCollectionExtensions/&lt;&gt;c__DisplayClass2_0::&lt;AddNHibernate&gt;b__0(System.IServiceProvider,NHibernate.Cfg.Configuration)</Name>
              <FileRef uid="2" />
              <SequencePoints>
                <SequencePoint vc="1" uspid="32" ordinal="0" offset="0" sl="181" sc="13" el="181" ec="14" bec="0" bev="0" fileid="2" />
                <SequencePoint vc="1" uspid="31" ordinal="1" offset="1" sl="182" sc="17" el="182" ec="50" bec="0" bev="0" fileid="2" />
                <SequencePoint vc="1" uspid="30" ordinal="2" offset="14" sl="183" sc="17" el="183" ec="51" bec="0" bev="0" fileid="2" />
                <SequencePoint vc="1" uspid="29" ordinal="3" offset="27" sl="184" sc="13" el="184" ec="14" bec="0" bev="0" fileid="2" />
              </SequencePoints>
              <BranchPoints />
              <MethodPoint xsi:type="SequencePoint" vc="1" uspid="32" ordinal="0" offset="0" sl="181" sc="13" el="181" ec="14" bec="0" bev="0" fileid="2" />
            </Method>
          </Methods>
        </Class>
        <Class>
          <Summary numSequencePoints="18" visitedSequencePoints="11" numBranchPoints="6" visitedBranchPoints="2" sequenceCoverage="61.11" branchCoverage="33.33" maxCyclomaticComplexity="3" minCyclomaticComplexity="1" visitedClasses="1" numClasses="1" visitedMethods="2" numMethods="2" minCrapScore="1" maxCrapScore="4.41" />
          <FullName>MilestoneTG.NHibernate.Extensions.AspNetCore.IServiceCollectionExtensions/&lt;&gt;c__DisplayClass3_0</FullName>
          <Methods>
            <Method visited="true" cyclomaticComplexity="1" nPathComplexity="0" sequenceCoverage="100" branchCoverage="0" isConstructor="false" isStatic="false" isGetter="false" isSetter="false" crapScore="1">
              <Summary numSequencePoints="5" visitedSequencePoints="5" numBranchPoints="1" visitedBranchPoints="0" sequenceCoverage="100" branchCoverage="0" maxCyclomaticComplexity="1" minCyclomaticComplexity="1" visitedClasses="0" numClasses="0" visitedMethods="1" numMethods="1" minCrapScore="1" maxCrapScore="1" />
              <MetadataToken>100663312</MetadataToken>
              <Name>NHibernate.Cfg.Configuration MilestoneTG.NHibernate.Extensions.AspNetCore.IServiceCollectionExtensions/&lt;&gt;c__DisplayClass3_0::&lt;AddNHibernate&gt;b__0(System.IServiceProvider)</Name>
              <FileRef uid="2" />
              <SequencePoints>
                <SequencePoint vc="3" uspid="37" ordinal="0" offset="0" sl="248" sc="13" el="248" ec="14" bec="0" bev="0" fileid="2" />
                <SequencePoint vc="3" uspid="36" ordinal="1" offset="1" sl="249" sc="17" el="249" ec="60" bec="0" bev="0" fileid="2" />
                <SequencePoint vc="3" uspid="35" ordinal="2" offset="7" sl="250" sc="17" el="250" ec="45" bec="0" bev="0" fileid="2" />
                <SequencePoint vc="3" uspid="34" ordinal="3" offset="21" sl="251" sc="17" el="251" ec="31" bec="0" bev="0" fileid="2" />
                <SequencePoint vc="3" uspid="33" ordinal="4" offset="25" sl="252" sc="13" el="252" ec="14" bec="0" bev="0" fileid="2" />
              </SequencePoints>
              <BranchPoints />
              <MethodPoint xsi:type="SequencePoint" vc="3" uspid="37" ordinal="0" offset="0" sl="248" sc="13" el="248" ec="14" bec="0" bev="0" fileid="2" />
            </Method>
            <Method visited="true" cyclomaticComplexity="3" nPathComplexity="4" sequenceCoverage="46.15" branchCoverage="40" isConstructor="false" isStatic="false" isGetter="false" isSetter="false" crapScore="4.41">
              <Summary numSequencePoints="13" visitedSequencePoints="6" numBranchPoints="5" visitedBranchPoints="2" sequenceCoverage="46.15" branchCoverage="40" maxCyclomaticComplexity="3" minCyclomaticComplexity="3" visitedClasses="0" numClasses="0" visitedMethods="1" numMethods="1" minCrapScore="4.41" maxCrapScore="4.41" />
              <MetadataToken>100663313</MetadataToken>
              <Name>NHibernate.ISession MilestoneTG.NHibernate.Extensions.AspNetCore.IServiceCollectionExtensions/&lt;&gt;c__DisplayClass3_0::&lt;AddNHibernate&gt;b__2(System.IServiceProvider)</Name>
              <FileRef uid="2" />
              <SequencePoints>
                <SequencePoint vc="3" uspid="50" ordinal="0" offset="0" sl="260" sc="13" el="260" ec="14" bec="0" bev="0" fileid="2" />
                <SequencePoint vc="3" uspid="49" ordinal="1" offset="1" sl="262" sc="17" el="262" ec="82" bec="0" bev="0" fileid="2" />
                <SequencePoint vc="3" uspid="48" ordinal="2" offset="8" sl="263" sc="17" el="263" ec="58" bec="0" bev="0" fileid="2" />
                <SequencePoint vc="3" uspid="47" ordinal="3" offset="15" sl="265" sc="17" el="265" ec="37" bec="2" bev="1" fileid="2" />
                <SequencePoint vc="0" uspid="46" ordinal="4" offset="28" sl="266" sc="17" el="266" ec="18" bec="0" bev="0" fileid="2" />
                <SequencePoint vc="0" uspid="45" ordinal="5" offset="29" sl="267" sc="21" el="267" ec="28" bec="0" bev="0" fileid="2" />
                <SequencePoint vc="0" uspid="44" ordinal="6" offset="30" sl="267" sc="51" el="267" ec="58" bec="0" bev="0" fileid="2" />
                <SequencePoint vc="0" uspid="43" ordinal="7" offset="42" sl="267" sc="30" el="267" ec="47" bec="0" bev="0" fileid="2" />
                <SequencePoint vc="0" uspid="42" ordinal="8" offset="48" sl="268" sc="25" el="268" ec="58" bec="0" bev="0" fileid="2" />
                <SequencePoint vc="0" uspid="41" ordinal="9" offset="63" sl="267" sc="48" el="267" ec="50" bec="2" bev="0" fileid="2" />
                <SequencePoint vc="0" uspid="40" ordinal="10" offset="70" sl="269" sc="17" el="269" ec="18" bec="0" bev="0" fileid="2" />
                <SequencePoint vc="3" uspid="39" ordinal="11" offset="71" sl="271" sc="17" el="271" ec="32" bec="0" bev="0" fileid="2" />
                <SequencePoint vc="3" uspid="38" ordinal="12" offset="76" sl="272" sc="13" el="272" ec="14" bec="0" bev="0" fileid="2" />
              </SequencePoints>
              <BranchPoints>
                <BranchPoint vc="0" uspid="2" ordinal="0" offset="26" sl="265" path="0" offsetend="28" fileid="2" />
                <BranchPoint vc="3" uspid="3" ordinal="1" offset="26" sl="265" path="1" offsetend="71" fileid="2" />
                <BranchPoint vc="0" uspid="4" ordinal="2" offset="68" sl="267" path="0" offsetend="70" fileid="2" />
                <BranchPoint vc="0" uspid="5" ordinal="3" offset="68" sl="267" path="1" offsetend="42" fileid="2" />
              </BranchPoints>
              <MethodPoint xsi:type="SequencePoint" vc="3" uspid="50" ordinal="0" offset="0" sl="260" sc="13" el="260" ec="14" bec="0" bev="0" fileid="2" />
            </Method>
          </Methods>
        </Class>
        <Class>
          <Summary numSequencePoints="3" visitedSequencePoints="3" numBranchPoints="1" visitedBranchPoints="0" sequenceCoverage="100" branchCoverage="0" maxCyclomaticComplexity="1" minCyclomaticComplexity="1" visitedClasses="1" numClasses="1" visitedMethods="1" numMethods="1" minCrapScore="1" maxCrapScore="1" />
          <FullName>MilestoneTG.NHibernate.Extensions.AspNetCore.IServiceCollectionExtensions/&lt;&gt;c</FullName>
          <Methods>
            <Method visited="true" cyclomaticComplexity="1" nPathComplexity="0" sequenceCoverage="100" branchCoverage="0" isConstructor="false" isStatic="false" isGetter="false" isSetter="false" crapScore="1">
              <Summary numSequencePoints="3" visitedSequencePoints="3" numBranchPoints="1" visitedBranchPoints="0" sequenceCoverage="100" branchCoverage="0" maxCyclomaticComplexity="1" minCyclomaticComplexity="1" visitedClasses="0" numClasses="0" visitedMethods="1" numMethods="1" minCrapScore="1" maxCrapScore="1" />
              <MetadataToken>100663316</MetadataToken>
              <Name>NHibernate.ISessionFactory MilestoneTG.NHibernate.Extensions.AspNetCore.IServiceCollectionExtensions/&lt;&gt;c::&lt;AddNHibernate&gt;b__3_1(System.IServiceProvider)</Name>
              <FileRef uid="2" />
              <SequencePoints>
                <SequencePoint vc="3" uspid="53" ordinal="0" offset="0" sl="255" sc="13" el="255" ec="14" bec="0" bev="0" fileid="2" />
                <SequencePoint vc="3" uspid="52" ordinal="1" offset="1" sl="256" sc="17" el="256" ec="83" bec="0" bev="0" fileid="2" />
                <SequencePoint vc="3" uspid="51" ordinal="2" offset="15" sl="257" sc="13" el="257" ec="14" bec="0" bev="0" fileid="2" />
              </SequencePoints>
              <BranchPoints />
              <MethodPoint xsi:type="SequencePoint" vc="3" uspid="53" ordinal="0" offset="0" sl="255" sc="13" el="255" ec="14" bec="0" bev="0" fileid="2" />
            </Method>
          </Methods>
        </Class>
        <Class>
          <Summary numSequencePoints="1" visitedSequencePoints="1" numBranchPoints="1" visitedBranchPoints="0" sequenceCoverage="100" branchCoverage="0" maxCyclomaticComplexity="1" minCyclomaticComplexity="1" visitedClasses="1" numClasses="1" visitedMethods="1" numMethods="1" minCrapScore="1" maxCrapScore="1" />
          <FullName>MilestoneTG.NHibernate.Extensions.AspNetCore.NHibernateOptions</FullName>
          <Methods>
            <Method visited="true" cyclomaticComplexity="1" nPathComplexity="0" sequenceCoverage="100" branchCoverage="0" isConstructor="true" isStatic="false" isGetter="false" isSetter="false" crapScore="1">
              <Summary numSequencePoints="1" visitedSequencePoints="1" numBranchPoints="1" visitedBranchPoints="0" sequenceCoverage="100" branchCoverage="0" maxCyclomaticComplexity="1" minCyclomaticComplexity="1" visitedClasses="0" numClasses="0" visitedMethods="1" numMethods="1" minCrapScore="1" maxCrapScore="1" />
              <MetadataToken>100663306</MetadataToken>
              <Name>System.Void MilestoneTG.NHibernate.Extensions.AspNetCore.NHibernateOptions::.ctor()</Name>
              <FileRef uid="3" />
              <SequencePoints>
                <SequencePoint vc="2" uspid="54" ordinal="0" offset="0" sl="38" sc="71" el="38" ec="103" bec="0" bev="0" fileid="3" />
              </SequencePoints>
              <BranchPoints />
              <MethodPoint xsi:type="SequencePoint" vc="2" uspid="54" ordinal="0" offset="0" sl="38" sc="71" el="38" ec="103" bec="0" bev="0" fileid="3" />
            </Method>
          </Methods>
        </Class>
      </Classes>
    </Module>
    <Module hash="CD-22-A7-67-EC-42-54-B3-97-64-71-EC-E9-74-9A-E9-10-72-B1-44">
      <Summary numSequencePoints="55" visitedSequencePoints="0" numBranchPoints="17" visitedBranchPoints="0" sequenceCoverage="0" branchCoverage="0" maxCyclomaticComplexity="3" minCyclomaticComplexity="1" visitedClasses="0" numClasses="7" visitedMethods="0" numMethods="11" minCrapScore="0" maxCrapScore="0" />
      <ModulePath>C:\dev\nhibernate-extensions\test\MilestoneTG.NHibernate.Extensions.AspNetCore.Tests\bin\Debug\netcoreapp2.1\__Saved\MilestoneTG.NHibernate.AspNetCore.dll</ModulePath>
      <ModuleTime>2019-07-03T19:58:08.6288965Z</ModuleTime>
      <ModuleName>MilestoneTG.NHibernate.AspNetCore</ModuleName>
      <Files>
        <File uid="1" fullPath="C:\dev\nhibernate-extensions\src\MilestoneTG.NHibernate.Extensions.AspNetCore\IApplicationBuilderExtensions.cs" />
        <File uid="2" fullPath="C:\dev\nhibernate-extensions\src\MilestoneTG.NHibernate.Extensions.AspNetCore\IServiceCollectionExtensions.cs" />
        <File uid="3" fullPath="C:\dev\nhibernate-extensions\src\MilestoneTG.NHibernate.Extensions.AspNetCore\NHibernateOptions.cs" />
        <File uid="4" fullPath="C:\dev\nhibernate-aspnetcore\src\MilestoneTG.NHibernate.AspNetCore\IApplicationBuilderExtensions.cs" />
        <File uid="5" fullPath="C:\dev\nhibernate-aspnetcore\src\MilestoneTG.NHibernate.AspNetCore\IServiceCollectionExtensions.cs" />
        <File uid="6" fullPath="C:\dev\nhibernate-aspnetcore\src\MilestoneTG.NHibernate.AspNetCore\NHibernateOptions.cs" />
      </Files>
      <Classes>
        <Class>
          <Summary numSequencePoints="0" visitedSequencePoints="0" numBranchPoints="0" visitedBranchPoints="0" sequenceCoverage="0" branchCoverage="0" maxCyclomaticComplexity="0" minCyclomaticComplexity="0" visitedClasses="0" numClasses="0" visitedMethods="0" numMethods="0" minCrapScore="0" maxCrapScore="0" />
          <FullName>&lt;Module&gt;</FullName>
          <Methods />
        </Class>
        <Class>
          <Summary numSequencePoints="5" visitedSequencePoints="0" numBranchPoints="3" visitedBranchPoints="0" sequenceCoverage="0" branchCoverage="0" maxCyclomaticComplexity="2" minCyclomaticComplexity="1" visitedClasses="0" numClasses="1" visitedMethods="0" numMethods="1" minCrapScore="0" maxCrapScore="0" />
          <FullName>MilestoneTG.NHibernate.AspNetCore.IApplicationBuilderExtensions</FullName>
          <Methods>
            <Method visited="false" cyclomaticComplexity="2" nPathComplexity="2" sequenceCoverage="0" branchCoverage="0" isConstructor="false" isStatic="true" isGetter="false" isSetter="false" crapScore="0">
              <Summary numSequencePoints="5" visitedSequencePoints="0" numBranchPoints="3" visitedBranchPoints="0" sequenceCoverage="0" branchCoverage="0" maxCyclomaticComplexity="2" minCyclomaticComplexity="2" visitedClasses="0" numClasses="0" visitedMethods="0" numMethods="1" minCrapScore="0" maxCrapScore="0" />
              <MetadataToken>100663297</MetadataToken>
              <Name>Microsoft.AspNetCore.Builder.IApplicationBuilder MilestoneTG.NHibernate.AspNetCore.IApplicationBuilderExtensions::UseNHibernate(Microsoft.AspNetCore.Builder.IApplicationBuilder)</Name>
              <FileRef uid="4" />
              <SequencePoints>
                <SequencePoint vc="0" uspid="4" ordinal="0" offset="0" sl="19" sc="9" el="19" ec="10" bec="0" bev="0" fileid="4" />
                <SequencePoint vc="0" uspid="3" ordinal="1" offset="1" sl="20" sc="13" el="20" ec="83" bec="2" bev="0" fileid="4" />
                <SequencePoint vc="0" uspid="2" ordinal="2" offset="19" sl="21" sc="17" el="21" ec="98" bec="0" bev="0" fileid="4" />
                <SequencePoint vc="0" uspid="1" ordinal="3" offset="30" sl="23" sc="13" el="23" ec="28" bec="0" bev="0" fileid="4" />
                <SequencePoint vc="0" uspid="0" ordinal="4" offset="34" sl="24" sc="9" el="24" ec="10" bec="0" bev="0" fileid="4" />
              </SequencePoints>
              <BranchPoints>
                <BranchPoint vc="0" uspid="0" ordinal="0" offset="17" sl="20" path="0" offsetend="19" fileid="4" />
                <BranchPoint vc="0" uspid="1" ordinal="1" offset="17" sl="20" path="1" offsetend="30" fileid="4" />
              </BranchPoints>
              <MethodPoint xsi:type="SequencePoint" vc="0" uspid="4" ordinal="0" offset="0" sl="19" sc="9" el="19" ec="10" bec="0" bev="0" fileid="4" />
            </Method>
          </Methods>
        </Class>
        <Class>
          <Summary numSequencePoints="17" visitedSequencePoints="0" numBranchPoints="4" visitedBranchPoints="0" sequenceCoverage="0" branchCoverage="0" maxCyclomaticComplexity="2" minCyclomaticComplexity="1" visitedClasses="0" numClasses="1" visitedMethods="0" numMethods="4" minCrapScore="0" maxCrapScore="0" />
          <FullName>MilestoneTG.NHibernate.AspNetCore.IServiceCollectionExtensions</FullName>
          <Methods>
            <Method visited="false" cyclomaticComplexity="1" nPathComplexity="0" sequenceCoverage="0" branchCoverage="0" isConstructor="false" isStatic="true" isGetter="false" isSetter="false" crapScore="0">
              <Summary numSequencePoints="3" visitedSequencePoints="0" numBranchPoints="1" visitedBranchPoints="0" sequenceCoverage="0" branchCoverage="0" maxCyclomaticComplexity="1" minCyclomaticComplexity="1" visitedClasses="0" numClasses="0" visitedMethods="0" numMethods="1" minCrapScore="0" maxCrapScore="0" />
              <MetadataToken>100663298</MetadataToken>
              <Name>Microsoft.Extensions.DependencyInjection.IServiceCollection MilestoneTG.NHibernate.AspNetCore.IServiceCollectionExtensions::AddNHibernate(Microsoft.Extensions.DependencyInjection.IServiceCollection,System.String[])</Name>
              <FileRef uid="5" />
              <SequencePoints>
                <SequencePoint vc="0" uspid="7" ordinal="0" offset="0" sl="60" sc="9" el="60" ec="10" bec="0" bev="0" fileid="5" />
                <SequencePoint vc="0" uspid="6" ordinal="1" offset="1" sl="61" sc="13" el="61" ec="73" bec="0" bev="0" fileid="5" />
                <SequencePoint vc="0" uspid="5" ordinal="2" offset="16" sl="62" sc="9" el="62" ec="10" bec="0" bev="0" fileid="5" />
              </SequencePoints>
              <BranchPoints />
              <MethodPoint xsi:type="SequencePoint" vc="0" uspid="7" ordinal="0" offset="0" sl="60" sc="9" el="60" ec="10" bec="0" bev="0" fileid="5" />
            </Method>
            <Method visited="false" cyclomaticComplexity="1" nPathComplexity="0" sequenceCoverage="0" branchCoverage="0" isConstructor="false" isStatic="true" isGetter="false" isSetter="false" crapScore="0">
              <Summary numSequencePoints="4" visitedSequencePoints="0" numBranchPoints="1" visitedBranchPoints="0" sequenceCoverage="0" branchCoverage="0" maxCyclomaticComplexity="1" minCyclomaticComplexity="1" visitedClasses="0" numClasses="0" visitedMethods="0" numMethods="1" minCrapScore="0" maxCrapScore="0" />
              <MetadataToken>100663299</MetadataToken>
              <Name>Microsoft.Extensions.DependencyInjection.IServiceCollection MilestoneTG.NHibernate.AspNetCore.IServiceCollectionExtensions::AddNHibernate(Microsoft.Extensions.DependencyInjection.IServiceCollection,System.String,System.String[])</Name>
              <FileRef uid="5" />
              <SequencePoints>
                <SequencePoint vc="0" uspid="11" ordinal="0" offset="13" sl="110" sc="9" el="110" ec="10" bec="0" bev="0" fileid="5" />
                <SequencePoint vc="0" uspid="10" ordinal="1" offset="14" sl="111" sc="13" el="118" ec="25" bec="0" bev="0" fileid="5" />
                <SequencePoint vc="0" uspid="9" ordinal="2" offset="34" sl="120" sc="13" el="120" ec="29" bec="0" bev="0" fileid="5" />
                <SequencePoint vc="0" uspid="8" ordinal="3" offset="38" sl="121" sc="9" el="121" ec="10" bec="0" bev="0" fileid="5" />
              </SequencePoints>
              <BranchPoints />
              <MethodPoint xsi:type="SequencePoint" vc="0" uspid="11" ordinal="0" offset="13" sl="110" sc="9" el="110" ec="10" bec="0" bev="0" fileid="5" />
            </Method>
            <Method visited="false" cyclomaticComplexity="1" nPathComplexity="0" sequenceCoverage="0" branchCoverage="0" isConstructor="false" isStatic="true" isGetter="false" isSetter="false" crapScore="0">
              <Summary numSequencePoints="4" visitedSequencePoints="0" numBranchPoints="1" visitedBranchPoints="0" sequenceCoverage="0" branchCoverage="0" maxCyclomaticComplexity="1" minCyclomaticComplexity="1" visitedClasses="0" numClasses="0" visitedMethods="0" numMethods="1" minCrapScore="0" maxCrapScore="0" />
              <MetadataToken>100663300</MetadataToken>
              <Name>Microsoft.Extensions.DependencyInjection.IServiceCollection MilestoneTG.NHibernate.AspNetCore.IServiceCollectionExtensions::AddNHibernate(Microsoft.Extensions.DependencyInjection.IServiceCollection,System.String,System.Collections.Generic.IDictionary`2&lt;System.String,System.String&gt;,System.String[])</Name>
              <FileRef uid="5" />
              <SequencePoints>
                <SequencePoint vc="0" uspid="15" ordinal="0" offset="20" sl="178" sc="9" el="178" ec="10" bec="0" bev="0" fileid="5" />
                <SequencePoint vc="0" uspid="14" ordinal="1" offset="21" sl="179" sc="13" el="182" ec="25" bec="0" bev="0" fileid="5" />
                <SequencePoint vc="0" uspid="13" ordinal="2" offset="41" sl="184" sc="13" el="184" ec="29" bec="0" bev="0" fileid="5" />
                <SequencePoint vc="0" uspid="12" ordinal="3" offset="45" sl="185" sc="9" el="185" ec="10" bec="0" bev="0" fileid="5" />
              </SequencePoints>
              <BranchPoints />
              <MethodPoint xsi:type="SequencePoint" vc="0" uspid="15" ordinal="0" offset="20" sl="178" sc="9" el="178" ec="10" bec="0" bev="0" fileid="5" />
            </Method>
            <Method visited="false" cyclomaticComplexity="2" nPathComplexity="0" sequenceCoverage="0" branchCoverage="0" isConstructor="false" isStatic="true" isGetter="false" isSetter="false" crapScore="0">
              <Summary numSequencePoints="6" visitedSequencePoints="0" numBranchPoints="1" visitedBranchPoints="0" sequenceCoverage="0" branchCoverage="0" maxCyclomaticComplexity="2" minCyclomaticComplexity="2" visitedClasses="0" numClasses="0" visitedMethods="0" numMethods="1" minCrapScore="0" maxCrapScore="0" />
              <MetadataToken>100663301</MetadataToken>
              <Name>Microsoft.Extensions.DependencyInjection.IServiceCollection MilestoneTG.NHibernate.AspNetCore.IServiceCollectionExtensions::AddNHibernate(Microsoft.Extensions.DependencyInjection.IServiceCollection,System.Action`2&lt;System.IServiceProvider,NHibernate.Cfg.Configuration&gt;,System.String[])</Name>
              <FileRef uid="5" />
              <SequencePoints>
                <SequencePoint vc="0" uspid="21" ordinal="0" offset="20" sl="244" sc="9" el="244" ec="10" bec="0" bev="0" fileid="5" />
                <SequencePoint vc="0" uspid="20" ordinal="1" offset="21" sl="245" sc="13" el="249" ec="16" bec="0" bev="0" fileid="5" />
                <SequencePoint vc="0" uspid="19" ordinal="2" offset="40" sl="251" sc="13" el="253" ec="16" bec="0" bev="0" fileid="5" />
                <SequencePoint vc="0" uspid="18" ordinal="3" offset="78" sl="255" sc="13" el="267" ec="16" bec="0" bev="0" fileid="5" />
                <SequencePoint vc="0" uspid="17" ordinal="4" offset="97" sl="269" sc="13" el="269" ec="29" bec="0" bev="0" fileid="5" />
                <SequencePoint vc="0" uspid="16" ordinal="5" offset="101" sl="270" sc="9" el="270" ec="10" bec="0" bev="0" fileid="5" />
              </SequencePoints>
              <BranchPoints />
              <MethodPoint xsi:type="SequencePoint" vc="0" uspid="21" ordinal="0" offset="20" sl="244" sc="9" el="244" ec="10" bec="0" bev="0" fileid="5" />
            </Method>
          </Methods>
        </Class>
        <Class>
          <Summary numSequencePoints="7" visitedSequencePoints="0" numBranchPoints="1" visitedBranchPoints="0" sequenceCoverage="0" branchCoverage="0" maxCyclomaticComplexity="1" minCyclomaticComplexity="1" visitedClasses="0" numClasses="1" visitedMethods="0" numMethods="1" minCrapScore="0" maxCrapScore="0" />
          <FullName>MilestoneTG.NHibernate.AspNetCore.IServiceCollectionExtensions/&lt;&gt;c__DisplayClass1_0</FullName>
          <Methods>
            <Method visited="false" cyclomaticComplexity="1" nPathComplexity="0" sequenceCoverage="0" branchCoverage="0" isConstructor="false" isStatic="false" isGetter="false" isSetter="false" crapScore="0">
              <Summary numSequencePoints="7" visitedSequencePoints="0" numBranchPoints="1" visitedBranchPoints="0" sequenceCoverage="0" branchCoverage="0" maxCyclomaticComplexity="1" minCyclomaticComplexity="1" visitedClasses="0" numClasses="0" visitedMethods="0" numMethods="1" minCrapScore="0" maxCrapScore="0" />
              <MetadataToken>100663308</MetadataToken>
              <Name>System.Void MilestoneTG.NHibernate.AspNetCore.IServiceCollectionExtensions/&lt;&gt;c__DisplayClass1_0::&lt;AddNHibernate&gt;b__0(System.IServiceProvider,NHibernate.Cfg.Configuration)</Name>
              <FileRef uid="5" />
              <SequencePoints>
                <SequencePoint vc="0" uspid="28" ordinal="0" offset="0" sl="111" sc="58" el="111" ec="59" bec="0" bev="0" fileid="5" />
                <SequencePoint vc="0" uspid="27" ordinal="1" offset="1" sl="112" sc="17" el="112" ec="82" bec="0" bev="0" fileid="5" />
                <SequencePoint vc="0" uspid="26" ordinal="2" offset="8" sl="113" sc="17" el="113" ec="123" bec="0" bev="0" fileid="5" />
                <SequencePoint vc="0" uspid="25" ordinal="3" offset="25" sl="115" sc="17" el="115" ec="132" bec="0" bev="0" fileid="5" />
                <SequencePoint vc="0" uspid="24" ordinal="4" offset="54" sl="116" sc="17" el="116" ec="58" bec="0" bev="0" fileid="5" />
                <SequencePoint vc="0" uspid="23" ordinal="5" offset="67" sl="117" sc="17" el="117" ec="51" bec="0" bev="0" fileid="5" />
                <SequencePoint vc="0" uspid="22" ordinal="6" offset="80" sl="118" sc="13" el="118" ec="14" bec="0" bev="0" fileid="5" />
              </SequencePoints>
              <BranchPoints />
              <MethodPoint xsi:type="SequencePoint" vc="0" uspid="28" ordinal="0" offset="0" sl="111" sc="58" el="111" ec="59" bec="0" bev="0" fileid="5" />
            </Method>
          </Methods>
        </Class>
        <Class>
          <Summary numSequencePoints="4" visitedSequencePoints="0" numBranchPoints="1" visitedBranchPoints="0" sequenceCoverage="0" branchCoverage="0" maxCyclomaticComplexity="1" minCyclomaticComplexity="1" visitedClasses="0" numClasses="1" visitedMethods="0" numMethods="1" minCrapScore="0" maxCrapScore="0" />
          <FullName>MilestoneTG.NHibernate.AspNetCore.IServiceCollectionExtensions/&lt;&gt;c__DisplayClass2_0</FullName>
          <Methods>
            <Method visited="false" cyclomaticComplexity="1" nPathComplexity="0" sequenceCoverage="0" branchCoverage="0" isConstructor="false" isStatic="false" isGetter="false" isSetter="false" crapScore="0">
              <Summary numSequencePoints="4" visitedSequencePoints="0" numBranchPoints="1" visitedBranchPoints="0" sequenceCoverage="0" branchCoverage="0" maxCyclomaticComplexity="1" minCyclomaticComplexity="1" visitedClasses="0" numClasses="0" visitedMethods="0" numMethods="1" minCrapScore="0" maxCrapScore="0" />
              <MetadataToken>100663310</MetadataToken>
              <Name>System.Void MilestoneTG.NHibernate.AspNetCore.IServiceCollectionExtensions/&lt;&gt;c__DisplayClass2_0::&lt;AddNHibernate&gt;b__0(System.IServiceProvider,NHibernate.Cfg.Configuration)</Name>
              <FileRef uid="5" />
              <SequencePoints>
                <SequencePoint vc="0" uspid="32" ordinal="0" offset="0" sl="179" sc="58" el="179" ec="59" bec="0" bev="0" fileid="5" />
                <SequencePoint vc="0" uspid="31" ordinal="1" offset="1" sl="180" sc="17" el="180" ec="50" bec="0" bev="0" fileid="5" />
                <SequencePoint vc="0" uspid="30" ordinal="2" offset="14" sl="181" sc="17" el="181" ec="51" bec="0" bev="0" fileid="5" />
                <SequencePoint vc="0" uspid="29" ordinal="3" offset="27" sl="182" sc="13" el="182" ec="14" bec="0" bev="0" fileid="5" />
              </SequencePoints>
              <BranchPoints />
              <MethodPoint xsi:type="SequencePoint" vc="0" uspid="32" ordinal="0" offset="0" sl="179" sc="58" el="179" ec="59" bec="0" bev="0" fileid="5" />
            </Method>
          </Methods>
        </Class>
        <Class>
          <Summary numSequencePoints="18" visitedSequencePoints="0" numBranchPoints="6" visitedBranchPoints="0" sequenceCoverage="0" branchCoverage="0" maxCyclomaticComplexity="3" minCyclomaticComplexity="1" visitedClasses="0" numClasses="1" visitedMethods="0" numMethods="2" minCrapScore="0" maxCrapScore="0" />
          <FullName>MilestoneTG.NHibernate.AspNetCore.IServiceCollectionExtensions/&lt;&gt;c__DisplayClass3_0</FullName>
          <Methods>
            <Method visited="false" cyclomaticComplexity="1" nPathComplexity="0" sequenceCoverage="0" branchCoverage="0" isConstructor="false" isStatic="false" isGetter="false" isSetter="false" crapScore="0">
              <Summary numSequencePoints="5" visitedSequencePoints="0" numBranchPoints="1" visitedBranchPoints="0" sequenceCoverage="0" branchCoverage="0" maxCyclomaticComplexity="1" minCyclomaticComplexity="1" visitedClasses="0" numClasses="0" visitedMethods="0" numMethods="1" minCrapScore="0" maxCrapScore="0" />
              <MetadataToken>100663312</MetadataToken>
              <Name>NHibernate.Cfg.Configuration MilestoneTG.NHibernate.AspNetCore.IServiceCollectionExtensions/&lt;&gt;c__DisplayClass3_0::&lt;AddNHibernate&gt;b__0(System.IServiceProvider)</Name>
              <FileRef uid="5" />
              <SequencePoints>
                <SequencePoint vc="0" uspid="37" ordinal="0" offset="0" sl="245" sc="64" el="245" ec="65" bec="0" bev="0" fileid="5" />
                <SequencePoint vc="0" uspid="36" ordinal="1" offset="1" sl="246" sc="17" el="246" ec="60" bec="0" bev="0" fileid="5" />
                <SequencePoint vc="0" uspid="35" ordinal="2" offset="7" sl="247" sc="17" el="247" ec="45" bec="0" bev="0" fileid="5" />
                <SequencePoint vc="0" uspid="34" ordinal="3" offset="21" sl="248" sc="17" el="248" ec="31" bec="0" bev="0" fileid="5" />
                <SequencePoint vc="0" uspid="33" ordinal="4" offset="25" sl="249" sc="13" el="249" ec="14" bec="0" bev="0" fileid="5" />
              </SequencePoints>
              <BranchPoints />
              <MethodPoint xsi:type="SequencePoint" vc="0" uspid="37" ordinal="0" offset="0" sl="245" sc="64" el="245" ec="65" bec="0" bev="0" fileid="5" />
            </Method>
            <Method visited="false" cyclomaticComplexity="3" nPathComplexity="4" sequenceCoverage="0" branchCoverage="0" isConstructor="false" isStatic="false" isGetter="false" isSetter="false" crapScore="0">
              <Summary numSequencePoints="13" visitedSequencePoints="0" numBranchPoints="5" visitedBranchPoints="0" sequenceCoverage="0" branchCoverage="0" maxCyclomaticComplexity="3" minCyclomaticComplexity="3" visitedClasses="0" numClasses="0" visitedMethods="0" numMethods="1" minCrapScore="0" maxCrapScore="0" />
              <MetadataToken>100663313</MetadataToken>
              <Name>NHibernate.ISession MilestoneTG.NHibernate.AspNetCore.IServiceCollectionExtensions/&lt;&gt;c__DisplayClass3_0::&lt;AddNHibernate&gt;b__2(System.IServiceProvider)</Name>
              <FileRef uid="5" />
              <SequencePoints>
                <SequencePoint vc="0" uspid="50" ordinal="0" offset="0" sl="255" sc="56" el="255" ec="57" bec="0" bev="0" fileid="5" />
                <SequencePoint vc="0" uspid="49" ordinal="1" offset="1" sl="257" sc="17" el="257" ec="82" bec="0" bev="0" fileid="5" />
                <SequencePoint vc="0" uspid="48" ordinal="2" offset="8" sl="258" sc="17" el="258" ec="58" bec="0" bev="0" fileid="5" />
                <SequencePoint vc="0" uspid="47" ordinal="3" offset="15" sl="260" sc="17" el="260" ec="37" bec="2" bev="0" fileid="5" />
                <SequencePoint vc="0" uspid="46" ordinal="4" offset="28" sl="261" sc="17" el="261" ec="18" bec="0" bev="0" fileid="5" />
                <SequencePoint vc="0" uspid="45" ordinal="5" offset="29" sl="262" sc="21" el="262" ec="28" bec="0" bev="0" fileid="5" />
                <SequencePoint vc="0" uspid="44" ordinal="6" offset="30" sl="262" sc="51" el="262" ec="58" bec="0" bev="0" fileid="5" />
                <SequencePoint vc="0" uspid="43" ordinal="7" offset="42" sl="262" sc="30" el="262" ec="47" bec="0" bev="0" fileid="5" />
                <SequencePoint vc="0" uspid="42" ordinal="8" offset="48" sl="263" sc="25" el="263" ec="58" bec="0" bev="0" fileid="5" />
                <SequencePoint vc="0" uspid="41" ordinal="9" offset="63" sl="262" sc="48" el="262" ec="50" bec="2" bev="0" fileid="5" />
                <SequencePoint vc="0" uspid="40" ordinal="10" offset="70" sl="264" sc="17" el="264" ec="18" bec="0" bev="0" fileid="5" />
                <SequencePoint vc="0" uspid="39" ordinal="11" offset="71" sl="266" sc="17" el="266" ec="32" bec="0" bev="0" fileid="5" />
                <SequencePoint vc="0" uspid="38" ordinal="12" offset="76" sl="267" sc="13" el="267" ec="14" bec="0" bev="0" fileid="5" />
              </SequencePoints>
              <BranchPoints>
                <BranchPoint vc="0" uspid="2" ordinal="0" offset="26" sl="260" path="0" offsetend="28" fileid="5" />
                <BranchPoint vc="0" uspid="3" ordinal="1" offset="26" sl="260" path="1" offsetend="71" fileid="5" />
                <BranchPoint vc="0" uspid="4" ordinal="2" offset="68" sl="262" path="0" offsetend="70" fileid="5" />
                <BranchPoint vc="0" uspid="5" ordinal="3" offset="68" sl="262" path="1" offsetend="42" fileid="5" />
              </BranchPoints>
              <MethodPoint xsi:type="SequencePoint" vc="0" uspid="50" ordinal="0" offset="0" sl="255" sc="56" el="255" ec="57" bec="0" bev="0" fileid="5" />
            </Method>
          </Methods>
        </Class>
        <Class>
          <Summary numSequencePoints="3" visitedSequencePoints="0" numBranchPoints="1" visitedBranchPoints="0" sequenceCoverage="0" branchCoverage="0" maxCyclomaticComplexity="1" minCyclomaticComplexity="1" visitedClasses="0" numClasses="1" visitedMethods="0" numMethods="1" minCrapScore="0" maxCrapScore="0" />
          <FullName>MilestoneTG.NHibernate.AspNetCore.IServiceCollectionExtensions/&lt;&gt;c</FullName>
          <Methods>
            <Method visited="false" cyclomaticComplexity="1" nPathComplexity="0" sequenceCoverage="0" branchCoverage="0" isConstructor="false" isStatic="false" isGetter="false" isSetter="false" crapScore="0">
              <Summary numSequencePoints="3" visitedSequencePoints="0" numBranchPoints="1" visitedBranchPoints="0" sequenceCoverage="0" branchCoverage="0" maxCyclomaticComplexity="1" minCyclomaticComplexity="1" visitedClasses="0" numClasses="0" visitedMethods="0" numMethods="1" minCrapScore="0" maxCrapScore="0" />
              <MetadataToken>100663316</MetadataToken>
              <Name>NHibernate.ISessionFactory MilestoneTG.NHibernate.AspNetCore.IServiceCollectionExtensions/&lt;&gt;c::&lt;AddNHibernate&gt;b__3_1(System.IServiceProvider)</Name>
              <FileRef uid="5" />
              <SequencePoints>
                <SequencePoint vc="0" uspid="53" ordinal="0" offset="0" sl="251" sc="66" el="251" ec="67" bec="0" bev="0" fileid="5" />
                <SequencePoint vc="0" uspid="52" ordinal="1" offset="1" sl="252" sc="17" el="252" ec="83" bec="0" bev="0" fileid="5" />
                <SequencePoint vc="0" uspid="51" ordinal="2" offset="15" sl="253" sc="13" el="253" ec="14" bec="0" bev="0" fileid="5" />
              </SequencePoints>
              <BranchPoints />
              <MethodPoint xsi:type="SequencePoint" vc="0" uspid="53" ordinal="0" offset="0" sl="251" sc="66" el="251" ec="67" bec="0" bev="0" fileid="5" />
            </Method>
          </Methods>
        </Class>
        <Class>
          <Summary numSequencePoints="1" visitedSequencePoints="0" numBranchPoints="1" visitedBranchPoints="0" sequenceCoverage="0" branchCoverage="0" maxCyclomaticComplexity="1" minCyclomaticComplexity="1" visitedClasses="0" numClasses="1" visitedMethods="0" numMethods="1" minCrapScore="0" maxCrapScore="0" />
          <FullName>MilestoneTG.NHibernate.AspNetCore.NHibernateOptions</FullName>
          <Methods>
            <Method visited="false" cyclomaticComplexity="1" nPathComplexity="0" sequenceCoverage="0" branchCoverage="0" isConstructor="true" isStatic="false" isGetter="false" isSetter="false" crapScore="0">
              <Summary numSequencePoints="1" visitedSequencePoints="0" numBranchPoints="1" visitedBranchPoints="0" sequenceCoverage="0" branchCoverage="0" maxCyclomaticComplexity="1" minCyclomaticComplexity="1" visitedClasses="0" numClasses="0" visitedMethods="0" numMethods="1" minCrapScore="0" maxCrapScore="0" />
              <MetadataToken>100663306</MetadataToken>
              <Name>System.Void MilestoneTG.NHibernate.AspNetCore.NHibernateOptions::.ctor()</Name>
              <FileRef uid="6" />
              <SequencePoints>
                <SequencePoint vc="0" uspid="54" ordinal="0" offset="0" sl="36" sc="71" el="36" ec="103" bec="0" bev="0" fileid="6" />
              </SequencePoints>
              <BranchPoints />
              <MethodPoint xsi:type="SequencePoint" vc="0" uspid="54" ordinal="0" offset="0" sl="36" sc="71" el="36" ec="103" bec="0" bev="0" fileid="6" />
            </Method>
          </Methods>
        </Class>
      </Classes>
    </Module>
    <Module hash="FB-FD-32-33-C2-05-BB-7A-52-4D-F7-CF-4F-38-65-31-E1-66-3C-E7">
      <Summary numSequencePoints="44" visitedSequencePoints="38" numBranchPoints="5" visitedBranchPoints="0" sequenceCoverage="86.36" branchCoverage="0" maxCyclomaticComplexity="1" minCyclomaticComplexity="1" visitedClasses="1" numClasses="3" visitedMethods="3" numMethods="5" minCrapScore="1" maxCrapScore="1" />
      <ModulePath>C:\dev\nhibernate-extensions\test\MilestoneTG.NHibernate.Extensions.AspNetCore.Tests\bin\Debug\netcoreapp2.1\__Saved\MilestoneTG.NHibernate.Extensions.AspNetCore.Tests.dll</ModulePath>
      <ModuleTime>2019-07-04T20:50:39.5566001Z</ModuleTime>
      <ModuleName>MilestoneTG.NHibernate.Extensions.AspNetCore.Tests</ModuleName>
      <Files>
        <File uid="1" fullPath="C:\dev\nhibernate-extensions\src\MilestoneTG.NHibernate.Extensions.AspNetCore\IApplicationBuilderExtensions.cs" />
        <File uid="2" fullPath="C:\dev\nhibernate-extensions\src\MilestoneTG.NHibernate.Extensions.AspNetCore\IServiceCollectionExtensions.cs" />
        <File uid="3" fullPath="C:\dev\nhibernate-extensions\src\MilestoneTG.NHibernate.Extensions.AspNetCore\NHibernateOptions.cs" />
        <File uid="4" fullPath="C:\dev\nhibernate-aspnetcore\src\MilestoneTG.NHibernate.AspNetCore\IApplicationBuilderExtensions.cs" />
        <File uid="5" fullPath="C:\dev\nhibernate-aspnetcore\src\MilestoneTG.NHibernate.AspNetCore\IServiceCollectionExtensions.cs" />
        <File uid="6" fullPath="C:\dev\nhibernate-aspnetcore\src\MilestoneTG.NHibernate.AspNetCore\NHibernateOptions.cs" />
        <File uid="7" fullPath="C:\dev\nhibernate-extensions\test\MilestoneTG.NHibernate.Extensions.AspNetCore.Tests\obj\Debug\netcoreapp2.1\MilestoneTG.NHibernate.Extensions.AspNetCore.Tests.Program.cs" />
        <File uid="8" fullPath="C:\dev\nhibernate-extensions\test\MilestoneTG.NHibernate.Extensions.AspNetCore.Tests\UnitTests.cs" />
      </Files>
      <Classes>
        <Class>
          <Summary numSequencePoints="0" visitedSequencePoints="0" numBranchPoints="0" visitedBranchPoints="0" sequenceCoverage="0" branchCoverage="0" maxCyclomaticComplexity="0" minCyclomaticComplexity="0" visitedClasses="0" numClasses="0" visitedMethods="0" numMethods="0" minCrapScore="0" maxCrapScore="0" />
          <FullName>&lt;Module&gt;</FullName>
          <Methods />
        </Class>
        <Class>
          <Summary numSequencePoints="2" visitedSequencePoints="0" numBranchPoints="1" visitedBranchPoints="0" sequenceCoverage="0" branchCoverage="0" maxCyclomaticComplexity="1" minCyclomaticComplexity="1" visitedClasses="0" numClasses="1" visitedMethods="0" numMethods="1" minCrapScore="0" maxCrapScore="0" />
          <FullName>AutoGeneratedProgram</FullName>
          <Methods>
            <Method visited="false" cyclomaticComplexity="1" nPathComplexity="0" sequenceCoverage="0" branchCoverage="0" isConstructor="false" isStatic="true" isGetter="false" isSetter="false" crapScore="0">
              <Summary numSequencePoints="2" visitedSequencePoints="0" numBranchPoints="1" visitedBranchPoints="0" sequenceCoverage="0" branchCoverage="0" maxCyclomaticComplexity="1" minCyclomaticComplexity="1" visitedClasses="0" numClasses="0" visitedMethods="0" numMethods="1" minCrapScore="0" maxCrapScore="0" />
              <MetadataToken>100663297</MetadataToken>
              <Name>System.Void AutoGeneratedProgram::Main(System.String[])</Name>
              <FileRef uid="7" />
              <SequencePoints>
                <SequencePoint vc="0" uspid="1" ordinal="0" offset="0" sl="4" sc="60" el="4" ec="61" bec="0" bev="0" fileid="7" />
                <SequencePoint vc="0" uspid="0" ordinal="1" offset="1" sl="4" sc="61" el="4" ec="62" bec="0" bev="0" fileid="7" />
              </SequencePoints>
              <BranchPoints />
              <MethodPoint xsi:type="SequencePoint" vc="0" uspid="1" ordinal="0" offset="0" sl="4" sc="60" el="4" ec="61" bec="0" bev="0" fileid="7" />
            </Method>
            <Method visited="false" cyclomaticComplexity="1" nPathComplexity="0" sequenceCoverage="0" branchCoverage="0" isConstructor="true" isStatic="false" isGetter="false" isSetter="false" crapScore="0">
              <Summary numSequencePoints="0" visitedSequencePoints="0" numBranchPoints="0" visitedBranchPoints="0" sequenceCoverage="0" branchCoverage="0" maxCyclomaticComplexity="1" minCyclomaticComplexity="1" visitedClasses="0" numClasses="0" visitedMethods="0" numMethods="0" minCrapScore="0" maxCrapScore="0" />
              <MetadataToken>100663298</MetadataToken>
              <Name>System.Void AutoGeneratedProgram::.ctor()</Name>
              <SequencePoints />
              <BranchPoints />
              <MethodPoint vc="0" uspid="100663298" ordinal="0" offset="0" />
            </Method>
          </Methods>
        </Class>
        <Class>
          <Summary numSequencePoints="0" visitedSequencePoints="0" numBranchPoints="0" visitedBranchPoints="0" sequenceCoverage="0" branchCoverage="0" maxCyclomaticComplexity="0" minCyclomaticComplexity="0" visitedClasses="0" numClasses="0" visitedMethods="0" numMethods="0" minCrapScore="0" maxCrapScore="0" />
          <FullName>MilestoneTG.NHibernate.Extensions.AspNetCore.Tests.Foo</FullName>
          <Methods>
            <Method visited="false" cyclomaticComplexity="1" nPathComplexity="0" sequenceCoverage="0" branchCoverage="0" isConstructor="true" isStatic="false" isGetter="false" isSetter="false" crapScore="0">
              <Summary numSequencePoints="0" visitedSequencePoints="0" numBranchPoints="0" visitedBranchPoints="0" sequenceCoverage="0" branchCoverage="0" maxCyclomaticComplexity="1" minCyclomaticComplexity="1" visitedClasses="0" numClasses="0" visitedMethods="0" numMethods="0" minCrapScore="0" maxCrapScore="0" />
              <MetadataToken>100663307</MetadataToken>
              <Name>System.Void MilestoneTG.NHibernate.Extensions.AspNetCore.Tests.Foo::.ctor()</Name>
              <SequencePoints />
              <BranchPoints />
              <MethodPoint vc="0" uspid="100663307" ordinal="0" offset="0" />
            </Method>
          </Methods>
        </Class>
        <Class>
          <Summary numSequencePoints="0" visitedSequencePoints="0" numBranchPoints="0" visitedBranchPoints="0" sequenceCoverage="0" branchCoverage="0" maxCyclomaticComplexity="0" minCyclomaticComplexity="0" visitedClasses="0" numClasses="0" visitedMethods="0" numMethods="0" minCrapScore="0" maxCrapScore="0" />
          <FullName>MilestoneTG.NHibernate.Extensions.AspNetCore.Tests.MyClass</FullName>
          <Methods>
            <Method visited="false" cyclomaticComplexity="1" nPathComplexity="0" sequenceCoverage="0" branchCoverage="0" isConstructor="true" isStatic="false" isGetter="false" isSetter="false" crapScore="0">
              <Summary numSequencePoints="0" visitedSequencePoints="0" numBranchPoints="0" visitedBranchPoints="0" sequenceCoverage="0" branchCoverage="0" maxCyclomaticComplexity="1" minCyclomaticComplexity="1" visitedClasses="0" numClasses="0" visitedMethods="0" numMethods="0" minCrapScore="0" maxCrapScore="0" />
              <MetadataToken>100663314</MetadataToken>
              <Name>System.Void MilestoneTG.NHibernate.Extensions.AspNetCore.Tests.MyClass::.ctor()</Name>
              <SequencePoints />
              <BranchPoints />
              <MethodPoint vc="0" uspid="100663314" ordinal="0" offset="0" />
            </Method>
          </Methods>
        </Class>
        <Class>
          <Summary numSequencePoints="4" visitedSequencePoints="0" numBranchPoints="1" visitedBranchPoints="0" sequenceCoverage="0" branchCoverage="0" maxCyclomaticComplexity="1" minCyclomaticComplexity="1" visitedClasses="0" numClasses="1" visitedMethods="0" numMethods="1" minCrapScore="0" maxCrapScore="0" />
          <FullName>MilestoneTG.NHibernate.Extensions.AspNetCore.Tests.Bar</FullName>
          <Methods>
            <Method visited="false" cyclomaticComplexity="1" nPathComplexity="0" sequenceCoverage="0" branchCoverage="0" isConstructor="true" isStatic="false" isGetter="false" isSetter="false" crapScore="0">
              <Summary numSequencePoints="4" visitedSequencePoints="0" numBranchPoints="1" visitedBranchPoints="0" sequenceCoverage="0" branchCoverage="0" maxCyclomaticComplexity="1" minCyclomaticComplexity="1" visitedClasses="0" numClasses="0" visitedMethods="0" numMethods="1" minCrapScore="0" maxCrapScore="0" />
              <MetadataToken>100663315</MetadataToken>
              <Name>System.Void MilestoneTG.NHibernate.Extensions.AspNetCore.Tests.Bar::.ctor(System.String)</Name>
              <FileRef uid="8" />
              <SequencePoints>
                <SequencePoint vc="0" uspid="5" ordinal="0" offset="0" sl="33" sc="9" el="33" ec="31" bec="0" bev="0" fileid="8" />
                <SequencePoint vc="0" uspid="4" ordinal="1" offset="7" sl="34" sc="9" el="34" ec="10" bec="0" bev="0" fileid="8" />
                <SequencePoint vc="0" uspid="3" ordinal="2" offset="8" sl="35" sc="13" el="35" ec="30" bec="0" bev="0" fileid="8" />
                <SequencePoint vc="0" uspid="2" ordinal="3" offset="16" sl="36" sc="9" el="36" ec="10" bec="0" bev="0" fileid="8" />
              </SequencePoints>
              <BranchPoints />
              <MethodPoint xsi:type="SequencePoint" vc="0" uspid="5" ordinal="0" offset="0" sl="33" sc="9" el="33" ec="31" bec="0" bev="0" fileid="8" />
            </Method>
          </Methods>
        </Class>
        <Class>
          <Summary numSequencePoints="38" visitedSequencePoints="38" numBranchPoints="3" visitedBranchPoints="0" sequenceCoverage="100" branchCoverage="0" maxCyclomaticComplexity="1" minCyclomaticComplexity="1" visitedClasses="1" numClasses="1" visitedMethods="3" numMethods="3" minCrapScore="1" maxCrapScore="1" />
          <FullName>MilestoneTG.NHibernate.Extensions.AspNetCore.Tests.UnitTest1</FullName>
          <Methods>
            <Method visited="true" cyclomaticComplexity="1" nPathComplexity="0" sequenceCoverage="100" branchCoverage="0" isConstructor="false" isStatic="false" isGetter="false" isSetter="false" crapScore="1">
              <Summary numSequencePoints="13" visitedSequencePoints="13" numBranchPoints="1" visitedBranchPoints="0" sequenceCoverage="100" branchCoverage="0" maxCyclomaticComplexity="1" minCyclomaticComplexity="1" visitedClasses="0" numClasses="0" visitedMethods="1" numMethods="1" minCrapScore="1" maxCrapScore="1" />
              <MetadataToken>100663318</MetadataToken>
              <Name>System.Void MilestoneTG.NHibernate.Extensions.AspNetCore.Tests.UnitTest1::AddNHibernate()</Name>
              <FileRef uid="8" />
              <SequencePoints>
                <SequencePoint vc="1" uspid="18" ordinal="0" offset="0" sl="47" sc="9" el="47" ec="10" bec="0" bev="0" fileid="8" />
                <SequencePoint vc="1" uspid="17" ordinal="1" offset="1" sl="48" sc="13" el="48" ec="107" bec="0" bev="0" fileid="8" />
                <SequencePoint vc="1" uspid="16" ordinal="2" offset="22" sl="49" sc="13" el="49" ec="52" bec="0" bev="0" fileid="8" />
                <SequencePoint vc="1" uspid="15" ordinal="3" offset="28" sl="50" sc="13" el="50" ec="46" bec="0" bev="0" fileid="8" />
                <SequencePoint vc="1" uspid="14" ordinal="4" offset="36" sl="51" sc="13" el="51" ec="38" bec="0" bev="0" fileid="8" />
                <SequencePoint vc="1" uspid="13" ordinal="5" offset="44" sl="53" sc="13" el="53" ec="60" bec="0" bev="0" fileid="8" />
                <SequencePoint vc="1" uspid="12" ordinal="6" offset="51" sl="54" sc="13" el="54" ec="63" bec="0" bev="0" fileid="8" />
                <SequencePoint vc="1" uspid="11" ordinal="7" offset="58" sl="55" sc="13" el="55" ec="38" bec="0" bev="0" fileid="8" />
                <SequencePoint vc="1" uspid="10" ordinal="8" offset="65" sl="57" sc="13" el="57" ec="66" bec="0" bev="0" fileid="8" />
                <SequencePoint vc="1" uspid="9" ordinal="9" offset="73" sl="58" sc="13" el="58" ec="39" bec="0" bev="0" fileid="8" />
                <SequencePoint vc="1" uspid="8" ordinal="10" offset="81" sl="60" sc="13" el="60" ec="59" bec="0" bev="0" fileid="8" />
                <SequencePoint vc="1" uspid="7" ordinal="11" offset="89" sl="61" sc="13" el="61" ec="39" bec="0" bev="0" fileid="8" />
                <SequencePoint vc="1" uspid="6" ordinal="12" offset="97" sl="62" sc="9" el="62" ec="10" bec="0" bev="0" fileid="8" />
              </SequencePoints>
              <BranchPoints />
              <MethodPoint xsi:type="SequencePoint" vc="1" uspid="18" ordinal="0" offset="0" sl="47" sc="9" el="47" ec="10" bec="0" bev="0" fileid="8" />
            </Method>
            <Method visited="true" cyclomaticComplexity="1" nPathComplexity="0" sequenceCoverage="100" branchCoverage="0" isConstructor="false" isStatic="false" isGetter="false" isSetter="false" crapScore="1">
              <Summary numSequencePoints="13" visitedSequencePoints="13" numBranchPoints="1" visitedBranchPoints="0" sequenceCoverage="100" branchCoverage="0" maxCyclomaticComplexity="1" minCyclomaticComplexity="1" visitedClasses="0" numClasses="0" visitedMethods="1" numMethods="1" minCrapScore="1" maxCrapScore="1" />
              <MetadataToken>100663319</MetadataToken>
              <Name>System.Void MilestoneTG.NHibernate.Extensions.AspNetCore.Tests.UnitTest1::AddNHibernate_File()</Name>
              <FileRef uid="8" />
              <SequencePoints>
                <SequencePoint vc="1" uspid="31" ordinal="0" offset="0" sl="66" sc="9" el="66" ec="10" bec="0" bev="0" fileid="8" />
                <SequencePoint vc="1" uspid="30" ordinal="1" offset="1" sl="67" sc="13" el="67" ec="107" bec="0" bev="0" fileid="8" />
                <SequencePoint vc="1" uspid="29" ordinal="2" offset="22" sl="68" sc="13" el="68" ec="52" bec="0" bev="0" fileid="8" />
                <SequencePoint vc="1" uspid="28" ordinal="3" offset="28" sl="69" sc="13" el="69" ec="46" bec="0" bev="0" fileid="8" />
                <SequencePoint vc="1" uspid="27" ordinal="4" offset="36" sl="70" sc="13" el="70" ec="52" bec="0" bev="0" fileid="8" />
                <SequencePoint vc="1" uspid="26" ordinal="5" offset="49" sl="72" sc="13" el="72" ec="60" bec="0" bev="0" fileid="8" />
                <SequencePoint vc="1" uspid="25" ordinal="6" offset="56" sl="73" sc="13" el="73" ec="63" bec="0" bev="0" fileid="8" />
                <SequencePoint vc="1" uspid="24" ordinal="7" offset="63" sl="74" sc="13" el="74" ec="38" bec="0" bev="0" fileid="8" />
                <SequencePoint vc="1" uspid="23" ordinal="8" offset="70" sl="76" sc="13" el="76" ec="66" bec="0" bev="0" fileid="8" />
                <SequencePoint vc="1" uspid="22" ordinal="9" offset="78" sl="77" sc="13" el="77" ec="39" bec="0" bev="0" fileid="8" />
                <SequencePoint vc="1" uspid="21" ordinal="10" offset="86" sl="79" sc="13" el="79" ec="59" bec="0" bev="0" fileid="8" />
                <SequencePoint vc="1" uspid="20" ordinal="11" offset="94" sl="80" sc="13" el="80" ec="39" bec="0" bev="0" fileid="8" />
                <SequencePoint vc="1" uspid="19" ordinal="12" offset="102" sl="81" sc="9" el="81" ec="10" bec="0" bev="0" fileid="8" />
              </SequencePoints>
              <BranchPoints />
              <MethodPoint xsi:type="SequencePoint" vc="1" uspid="31" ordinal="0" offset="0" sl="66" sc="9" el="66" ec="10" bec="0" bev="0" fileid="8" />
            </Method>
            <Method visited="true" cyclomaticComplexity="1" nPathComplexity="0" sequenceCoverage="100" branchCoverage="0" isConstructor="false" isStatic="false" isGetter="false" isSetter="false" crapScore="1">
              <Summary numSequencePoints="12" visitedSequencePoints="12" numBranchPoints="1" visitedBranchPoints="0" sequenceCoverage="100" branchCoverage="0" maxCyclomaticComplexity="1" minCyclomaticComplexity="1" visitedClasses="0" numClasses="0" visitedMethods="1" numMethods="1" minCrapScore="1" maxCrapScore="1" />
              <MetadataToken>100663320</MetadataToken>
              <Name>System.Void MilestoneTG.NHibernate.Extensions.AspNetCore.Tests.UnitTest1::AddNHibernate_Properties()</Name>
              <FileRef uid="8" />
              <SequencePoints>
                <SequencePoint vc="1" uspid="43" ordinal="0" offset="0" sl="85" sc="9" el="85" ec="10" bec="0" bev="0" fileid="8" />
                <SequencePoint vc="1" uspid="42" ordinal="1" offset="1" sl="86" sc="13" el="93" ec="15" bec="0" bev="0" fileid="8" />
                <SequencePoint vc="1" uspid="41" ordinal="2" offset="109" sl="95" sc="13" el="95" ec="52" bec="0" bev="0" fileid="8" />
                <SequencePoint vc="1" uspid="40" ordinal="3" offset="115" sl="96" sc="13" el="96" ec="64" bec="0" bev="0" fileid="8" />
                <SequencePoint vc="1" uspid="39" ordinal="4" offset="129" sl="98" sc="13" el="98" ec="60" bec="0" bev="0" fileid="8" />
                <SequencePoint vc="1" uspid="38" ordinal="5" offset="136" sl="99" sc="13" el="99" ec="63" bec="0" bev="0" fileid="8" />
                <SequencePoint vc="1" uspid="37" ordinal="6" offset="143" sl="100" sc="13" el="100" ec="38" bec="0" bev="0" fileid="8" />
                <SequencePoint vc="1" uspid="36" ordinal="7" offset="150" sl="102" sc="13" el="102" ec="66" bec="0" bev="0" fileid="8" />
                <SequencePoint vc="1" uspid="35" ordinal="8" offset="158" sl="103" sc="13" el="103" ec="39" bec="0" bev="0" fileid="8" />
                <SequencePoint vc="1" uspid="34" ordinal="9" offset="166" sl="105" sc="13" el="105" ec="59" bec="0" bev="0" fileid="8" />
                <SequencePoint vc="1" uspid="33" ordinal="10" offset="174" sl="106" sc="13" el="106" ec="39" bec="0" bev="0" fileid="8" />
                <SequencePoint vc="1" uspid="32" ordinal="11" offset="182" sl="107" sc="9" el="107" ec="10" bec="0" bev="0" fileid="8" />
              </SequencePoints>
              <BranchPoints />
              <MethodPoint xsi:type="SequencePoint" vc="1" uspid="43" ordinal="0" offset="0" sl="85" sc="9" el="85" ec="10" bec="0" bev="0" fileid="8" />
            </Method>
            <Method visited="false" cyclomaticComplexity="1" nPathComplexity="0" sequenceCoverage="0" branchCoverage="0" isConstructor="true" isStatic="false" isGetter="false" isSetter="false" crapScore="0">
              <Summary numSequencePoints="0" visitedSequencePoints="0" numBranchPoints="0" visitedBranchPoints="0" sequenceCoverage="0" branchCoverage="0" maxCyclomaticComplexity="1" minCyclomaticComplexity="1" visitedClasses="0" numClasses="0" visitedMethods="0" numMethods="0" minCrapScore="0" maxCrapScore="0" />
              <MetadataToken>100663321</MetadataToken>
              <Name>System.Void MilestoneTG.NHibernate.Extensions.AspNetCore.Tests.UnitTest1::.ctor()</Name>
              <SequencePoints />
              <BranchPoints />
              <MethodPoint vc="3" uspid="100663321" ordinal="0" offset="0" />
            </Method>
          </Methods>
        </Class>
      </Classes>
    </Module>
    <Module hash="38-35-CD-3B-2A-9D-30-85-01-0D-D6-3F-EE-D8-13-07-52-77-11-BB">
      <Summary numSequencePoints="44" visitedSequencePoints="0" numBranchPoints="5" visitedBranchPoints="0" sequenceCoverage="0" branchCoverage="0" maxCyclomaticComplexity="1" minCyclomaticComplexity="1" visitedClasses="0" numClasses="3" visitedMethods="0" numMethods="5" minCrapScore="0" maxCrapScore="0" />
      <ModulePath>C:\dev\nhibernate-extensions\test\MilestoneTG.NHibernate.Extensions.AspNetCore.Tests\bin\Debug\netcoreapp2.1\__Saved\MilestoneTG.NHibernate.AspNetCore.Tests.dll</ModulePath>
      <ModuleTime>2019-07-03T19:58:09.2048553Z</ModuleTime>
      <ModuleName>MilestoneTG.NHibernate.AspNetCore.Tests</ModuleName>
      <Files>
        <File uid="1" fullPath="C:\dev\nhibernate-extensions\src\MilestoneTG.NHibernate.Extensions.AspNetCore\IApplicationBuilderExtensions.cs" />
        <File uid="2" fullPath="C:\dev\nhibernate-extensions\src\MilestoneTG.NHibernate.Extensions.AspNetCore\IServiceCollectionExtensions.cs" />
        <File uid="3" fullPath="C:\dev\nhibernate-extensions\src\MilestoneTG.NHibernate.Extensions.AspNetCore\NHibernateOptions.cs" />
        <File uid="4" fullPath="C:\dev\nhibernate-aspnetcore\src\MilestoneTG.NHibernate.AspNetCore\IApplicationBuilderExtensions.cs" />
        <File uid="5" fullPath="C:\dev\nhibernate-aspnetcore\src\MilestoneTG.NHibernate.AspNetCore\IServiceCollectionExtensions.cs" />
        <File uid="6" fullPath="C:\dev\nhibernate-aspnetcore\src\MilestoneTG.NHibernate.AspNetCore\NHibernateOptions.cs" />
        <File uid="7" fullPath="C:\dev\nhibernate-extensions\test\MilestoneTG.NHibernate.Extensions.AspNetCore.Tests\obj\Debug\netcoreapp2.1\MilestoneTG.NHibernate.Extensions.AspNetCore.Tests.Program.cs" />
        <File uid="8" fullPath="C:\dev\nhibernate-extensions\test\MilestoneTG.NHibernate.Extensions.AspNetCore.Tests\UnitTests.cs" />
        <File uid="9" fullPath="C:\dev\nhibernate-aspnetcore\test\MilestoneTG.NHibernate.AspNetCore.Tests\obj\Debug\netcoreapp2.1\MilestoneTG.NHibernate.AspNetCore.Tests.Program.cs" />
        <File uid="10" fullPath="C:\dev\nhibernate-aspnetcore\test\MilestoneTG.NHibernate.AspNetCore.Tests\UnitTests.cs" />
      </Files>
      <Classes>
        <Class>
          <Summary numSequencePoints="0" visitedSequencePoints="0" numBranchPoints="0" visitedBranchPoints="0" sequenceCoverage="0" branchCoverage="0" maxCyclomaticComplexity="0" minCyclomaticComplexity="0" visitedClasses="0" numClasses="0" visitedMethods="0" numMethods="0" minCrapScore="0" maxCrapScore="0" />
          <FullName>&lt;Module&gt;</FullName>
          <Methods />
        </Class>
        <Class>
          <Summary numSequencePoints="2" visitedSequencePoints="0" numBranchPoints="1" visitedBranchPoints="0" sequenceCoverage="0" branchCoverage="0" maxCyclomaticComplexity="1" minCyclomaticComplexity="1" visitedClasses="0" numClasses="1" visitedMethods="0" numMethods="1" minCrapScore="0" maxCrapScore="0" />
          <FullName>AutoGeneratedProgram</FullName>
          <Methods>
            <Method visited="false" cyclomaticComplexity="1" nPathComplexity="0" sequenceCoverage="0" branchCoverage="0" isConstructor="false" isStatic="true" isGetter="false" isSetter="false" crapScore="0">
              <Summary numSequencePoints="2" visitedSequencePoints="0" numBranchPoints="1" visitedBranchPoints="0" sequenceCoverage="0" branchCoverage="0" maxCyclomaticComplexity="1" minCyclomaticComplexity="1" visitedClasses="0" numClasses="0" visitedMethods="0" numMethods="1" minCrapScore="0" maxCrapScore="0" />
              <MetadataToken>100663297</MetadataToken>
              <Name>System.Void AutoGeneratedProgram::Main(System.String[])</Name>
              <FileRef uid="9" />
              <SequencePoints>
                <SequencePoint vc="0" uspid="1" ordinal="0" offset="0" sl="4" sc="60" el="4" ec="61" bec="0" bev="0" fileid="9" />
                <SequencePoint vc="0" uspid="0" ordinal="1" offset="1" sl="4" sc="61" el="4" ec="62" bec="0" bev="0" fileid="9" />
              </SequencePoints>
              <BranchPoints />
              <MethodPoint xsi:type="SequencePoint" vc="0" uspid="1" ordinal="0" offset="0" sl="4" sc="60" el="4" ec="61" bec="0" bev="0" fileid="9" />
            </Method>
            <Method visited="false" cyclomaticComplexity="1" nPathComplexity="0" sequenceCoverage="0" branchCoverage="0" isConstructor="true" isStatic="false" isGetter="false" isSetter="false" crapScore="0">
              <Summary numSequencePoints="0" visitedSequencePoints="0" numBranchPoints="0" visitedBranchPoints="0" sequenceCoverage="0" branchCoverage="0" maxCyclomaticComplexity="1" minCyclomaticComplexity="1" visitedClasses="0" numClasses="0" visitedMethods="0" numMethods="0" minCrapScore="0" maxCrapScore="0" />
              <MetadataToken>100663298</MetadataToken>
              <Name>System.Void AutoGeneratedProgram::.ctor()</Name>
              <SequencePoints />
              <BranchPoints />
              <MethodPoint vc="0" uspid="100663298" ordinal="0" offset="0" />
            </Method>
          </Methods>
        </Class>
        <Class>
          <Summary numSequencePoints="0" visitedSequencePoints="0" numBranchPoints="0" visitedBranchPoints="0" sequenceCoverage="0" branchCoverage="0" maxCyclomaticComplexity="0" minCyclomaticComplexity="0" visitedClasses="0" numClasses="0" visitedMethods="0" numMethods="0" minCrapScore="0" maxCrapScore="0" />
          <FullName>MilestoneTG.NHibernate.AspNetCore.Tests.Foo</FullName>
          <Methods>
            <Method visited="false" cyclomaticComplexity="1" nPathComplexity="0" sequenceCoverage="0" branchCoverage="0" isConstructor="true" isStatic="false" isGetter="false" isSetter="false" crapScore="0">
              <Summary numSequencePoints="0" visitedSequencePoints="0" numBranchPoints="0" visitedBranchPoints="0" sequenceCoverage="0" branchCoverage="0" maxCyclomaticComplexity="1" minCyclomaticComplexity="1" visitedClasses="0" numClasses="0" visitedMethods="0" numMethods="0" minCrapScore="0" maxCrapScore="0" />
              <MetadataToken>100663307</MetadataToken>
              <Name>System.Void MilestoneTG.NHibernate.AspNetCore.Tests.Foo::.ctor()</Name>
              <SequencePoints />
              <BranchPoints />
              <MethodPoint vc="6" uspid="100663307" ordinal="0" offset="0" />
            </Method>
          </Methods>
        </Class>
        <Class>
          <Summary numSequencePoints="0" visitedSequencePoints="0" numBranchPoints="0" visitedBranchPoints="0" sequenceCoverage="0" branchCoverage="0" maxCyclomaticComplexity="0" minCyclomaticComplexity="0" visitedClasses="0" numClasses="0" visitedMethods="0" numMethods="0" minCrapScore="0" maxCrapScore="0" />
          <FullName>MilestoneTG.NHibernate.AspNetCore.Tests.MyClass</FullName>
          <Methods>
            <Method visited="false" cyclomaticComplexity="1" nPathComplexity="0" sequenceCoverage="0" branchCoverage="0" isConstructor="true" isStatic="false" isGetter="false" isSetter="false" crapScore="0">
              <Summary numSequencePoints="0" visitedSequencePoints="0" numBranchPoints="0" visitedBranchPoints="0" sequenceCoverage="0" branchCoverage="0" maxCyclomaticComplexity="1" minCyclomaticComplexity="1" visitedClasses="0" numClasses="0" visitedMethods="0" numMethods="0" minCrapScore="0" maxCrapScore="0" />
              <MetadataToken>100663314</MetadataToken>
              <Name>System.Void MilestoneTG.NHibernate.AspNetCore.Tests.MyClass::.ctor()</Name>
              <SequencePoints />
              <BranchPoints />
              <MethodPoint vc="6" uspid="100663314" ordinal="0" offset="0" />
            </Method>
          </Methods>
        </Class>
        <Class>
          <Summary numSequencePoints="4" visitedSequencePoints="0" numBranchPoints="1" visitedBranchPoints="0" sequenceCoverage="0" branchCoverage="0" maxCyclomaticComplexity="1" minCyclomaticComplexity="1" visitedClasses="0" numClasses="1" visitedMethods="0" numMethods="1" minCrapScore="0" maxCrapScore="0" />
          <FullName>MilestoneTG.NHibernate.AspNetCore.Tests.Bar</FullName>
          <Methods>
            <Method visited="false" cyclomaticComplexity="1" nPathComplexity="0" sequenceCoverage="0" branchCoverage="0" isConstructor="true" isStatic="false" isGetter="false" isSetter="false" crapScore="0">
              <Summary numSequencePoints="4" visitedSequencePoints="0" numBranchPoints="1" visitedBranchPoints="0" sequenceCoverage="0" branchCoverage="0" maxCyclomaticComplexity="1" minCyclomaticComplexity="1" visitedClasses="0" numClasses="0" visitedMethods="0" numMethods="1" minCrapScore="0" maxCrapScore="0" />
              <MetadataToken>100663315</MetadataToken>
              <Name>System.Void MilestoneTG.NHibernate.AspNetCore.Tests.Bar::.ctor(System.String)</Name>
              <FileRef uid="10" />
              <SequencePoints>
                <SequencePoint vc="0" uspid="5" ordinal="0" offset="0" sl="32" sc="9" el="32" ec="31" bec="0" bev="0" fileid="10" />
                <SequencePoint vc="0" uspid="4" ordinal="1" offset="7" sl="33" sc="9" el="33" ec="10" bec="0" bev="0" fileid="10" />
                <SequencePoint vc="0" uspid="3" ordinal="2" offset="8" sl="34" sc="13" el="34" ec="30" bec="0" bev="0" fileid="10" />
                <SequencePoint vc="0" uspid="2" ordinal="3" offset="16" sl="35" sc="9" el="35" ec="10" bec="0" bev="0" fileid="10" />
              </SequencePoints>
              <BranchPoints />
              <MethodPoint xsi:type="SequencePoint" vc="0" uspid="5" ordinal="0" offset="0" sl="32" sc="9" el="32" ec="31" bec="0" bev="0" fileid="10" />
            </Method>
          </Methods>
        </Class>
        <Class>
          <Summary numSequencePoints="38" visitedSequencePoints="0" numBranchPoints="3" visitedBranchPoints="0" sequenceCoverage="0" branchCoverage="0" maxCyclomaticComplexity="1" minCyclomaticComplexity="1" visitedClasses="0" numClasses="1" visitedMethods="0" numMethods="3" minCrapScore="0" maxCrapScore="0" />
          <FullName>MilestoneTG.NHibernate.AspNetCore.Tests.UnitTest1</FullName>
          <Methods>
            <Method visited="false" cyclomaticComplexity="1" nPathComplexity="0" sequenceCoverage="0" branchCoverage="0" isConstructor="false" isStatic="false" isGetter="false" isSetter="false" crapScore="0">
              <Summary numSequencePoints="13" visitedSequencePoints="0" numBranchPoints="1" visitedBranchPoints="0" sequenceCoverage="0" branchCoverage="0" maxCyclomaticComplexity="1" minCyclomaticComplexity="1" visitedClasses="0" numClasses="0" visitedMethods="0" numMethods="1" minCrapScore="0" maxCrapScore="0" />
              <MetadataToken>100663318</MetadataToken>
              <Name>System.Void MilestoneTG.NHibernate.AspNetCore.Tests.UnitTest1::AddNHibernate()</Name>
              <FileRef uid="10" />
              <SequencePoints>
                <SequencePoint vc="0" uspid="18" ordinal="0" offset="0" sl="46" sc="9" el="46" ec="10" bec="0" bev="0" fileid="10" />
                <SequencePoint vc="0" uspid="17" ordinal="1" offset="1" sl="47" sc="13" el="47" ec="107" bec="0" bev="0" fileid="10" />
                <SequencePoint vc="0" uspid="16" ordinal="2" offset="22" sl="48" sc="13" el="48" ec="52" bec="0" bev="0" fileid="10" />
                <SequencePoint vc="0" uspid="15" ordinal="3" offset="28" sl="49" sc="13" el="49" ec="62" bec="0" bev="0" fileid="10" />
                <SequencePoint vc="0" uspid="14" ordinal="4" offset="36" sl="50" sc="13" el="50" ec="38" bec="0" bev="0" fileid="10" />
                <SequencePoint vc="0" uspid="13" ordinal="5" offset="44" sl="52" sc="13" el="52" ec="60" bec="0" bev="0" fileid="10" />
                <SequencePoint vc="0" uspid="12" ordinal="6" offset="51" sl="53" sc="13" el="53" ec="63" bec="0" bev="0" fileid="10" />
                <SequencePoint vc="0" uspid="11" ordinal="7" offset="58" sl="54" sc="13" el="54" ec="38" bec="0" bev="0" fileid="10" />
                <SequencePoint vc="0" uspid="10" ordinal="8" offset="65" sl="56" sc="13" el="56" ec="66" bec="0" bev="0" fileid="10" />
                <SequencePoint vc="0" uspid="9" ordinal="9" offset="73" sl="57" sc="13" el="57" ec="39" bec="0" bev="0" fileid="10" />
                <SequencePoint vc="0" uspid="8" ordinal="10" offset="81" sl="59" sc="13" el="59" ec="59" bec="0" bev="0" fileid="10" />
                <SequencePoint vc="0" uspid="7" ordinal="11" offset="89" sl="60" sc="13" el="60" ec="39" bec="0" bev="0" fileid="10" />
                <SequencePoint vc="0" uspid="6" ordinal="12" offset="97" sl="61" sc="9" el="61" ec="10" bec="0" bev="0" fileid="10" />
              </SequencePoints>
              <BranchPoints />
              <MethodPoint xsi:type="SequencePoint" vc="0" uspid="18" ordinal="0" offset="0" sl="46" sc="9" el="46" ec="10" bec="0" bev="0" fileid="10" />
            </Method>
            <Method visited="false" cyclomaticComplexity="1" nPathComplexity="0" sequenceCoverage="0" branchCoverage="0" isConstructor="false" isStatic="false" isGetter="false" isSetter="false" crapScore="0">
              <Summary numSequencePoints="13" visitedSequencePoints="0" numBranchPoints="1" visitedBranchPoints="0" sequenceCoverage="0" branchCoverage="0" maxCyclomaticComplexity="1" minCyclomaticComplexity="1" visitedClasses="0" numClasses="0" visitedMethods="0" numMethods="1" minCrapScore="0" maxCrapScore="0" />
              <MetadataToken>100663319</MetadataToken>
              <Name>System.Void MilestoneTG.NHibernate.AspNetCore.Tests.UnitTest1::AddNHibernate_File()</Name>
              <FileRef uid="10" />
              <SequencePoints>
                <SequencePoint vc="0" uspid="31" ordinal="0" offset="0" sl="65" sc="9" el="65" ec="10" bec="0" bev="0" fileid="10" />
                <SequencePoint vc="0" uspid="30" ordinal="1" offset="1" sl="66" sc="13" el="66" ec="107" bec="0" bev="0" fileid="10" />
                <SequencePoint vc="0" uspid="29" ordinal="2" offset="22" sl="67" sc="13" el="67" ec="52" bec="0" bev="0" fileid="10" />
                <SequencePoint vc="0" uspid="28" ordinal="3" offset="28" sl="68" sc="13" el="68" ec="62" bec="0" bev="0" fileid="10" />
                <SequencePoint vc="0" uspid="27" ordinal="4" offset="36" sl="69" sc="13" el="69" ec="52" bec="0" bev="0" fileid="10" />
                <SequencePoint vc="0" uspid="26" ordinal="5" offset="49" sl="71" sc="13" el="71" ec="60" bec="0" bev="0" fileid="10" />
                <SequencePoint vc="0" uspid="25" ordinal="6" offset="56" sl="72" sc="13" el="72" ec="63" bec="0" bev="0" fileid="10" />
                <SequencePoint vc="0" uspid="24" ordinal="7" offset="63" sl="73" sc="13" el="73" ec="38" bec="0" bev="0" fileid="10" />
                <SequencePoint vc="0" uspid="23" ordinal="8" offset="70" sl="75" sc="13" el="75" ec="66" bec="0" bev="0" fileid="10" />
                <SequencePoint vc="0" uspid="22" ordinal="9" offset="78" sl="76" sc="13" el="76" ec="39" bec="0" bev="0" fileid="10" />
                <SequencePoint vc="0" uspid="21" ordinal="10" offset="86" sl="78" sc="13" el="78" ec="59" bec="0" bev="0" fileid="10" />
                <SequencePoint vc="0" uspid="20" ordinal="11" offset="94" sl="79" sc="13" el="79" ec="39" bec="0" bev="0" fileid="10" />
                <SequencePoint vc="0" uspid="19" ordinal="12" offset="102" sl="80" sc="9" el="80" ec="10" bec="0" bev="0" fileid="10" />
              </SequencePoints>
              <BranchPoints />
              <MethodPoint xsi:type="SequencePoint" vc="0" uspid="31" ordinal="0" offset="0" sl="65" sc="9" el="65" ec="10" bec="0" bev="0" fileid="10" />
            </Method>
            <Method visited="false" cyclomaticComplexity="1" nPathComplexity="0" sequenceCoverage="0" branchCoverage="0" isConstructor="false" isStatic="false" isGetter="false" isSetter="false" crapScore="0">
              <Summary numSequencePoints="12" visitedSequencePoints="0" numBranchPoints="1" visitedBranchPoints="0" sequenceCoverage="0" branchCoverage="0" maxCyclomaticComplexity="1" minCyclomaticComplexity="1" visitedClasses="0" numClasses="0" visitedMethods="0" numMethods="1" minCrapScore="0" maxCrapScore="0" />
              <MetadataToken>100663320</MetadataToken>
              <Name>System.Void MilestoneTG.NHibernate.AspNetCore.Tests.UnitTest1::AddNHibernate_Properties()</Name>
              <FileRef uid="10" />
              <SequencePoints>
                <SequencePoint vc="0" uspid="43" ordinal="0" offset="0" sl="84" sc="9" el="84" ec="10" bec="0" bev="0" fileid="10" />
                <SequencePoint vc="0" uspid="42" ordinal="1" offset="1" sl="85" sc="13" el="92" ec="15" bec="0" bev="0" fileid="10" />
                <SequencePoint vc="0" uspid="41" ordinal="2" offset="109" sl="94" sc="13" el="94" ec="52" bec="0" bev="0" fileid="10" />
                <SequencePoint vc="0" uspid="40" ordinal="3" offset="115" sl="95" sc="13" el="95" ec="64" bec="0" bev="0" fileid="10" />
                <SequencePoint vc="0" uspid="39" ordinal="4" offset="129" sl="97" sc="13" el="97" ec="60" bec="0" bev="0" fileid="10" />
                <SequencePoint vc="0" uspid="38" ordinal="5" offset="136" sl="98" sc="13" el="98" ec="63" bec="0" bev="0" fileid="10" />
                <SequencePoint vc="0" uspid="37" ordinal="6" offset="143" sl="99" sc="13" el="99" ec="38" bec="0" bev="0" fileid="10" />
                <SequencePoint vc="0" uspid="36" ordinal="7" offset="150" sl="101" sc="13" el="101" ec="66" bec="0" bev="0" fileid="10" />
                <SequencePoint vc="0" uspid="35" ordinal="8" offset="158" sl="102" sc="13" el="102" ec="39" bec="0" bev="0" fileid="10" />
                <SequencePoint vc="0" uspid="34" ordinal="9" offset="166" sl="104" sc="13" el="104" ec="59" bec="0" bev="0" fileid="10" />
                <SequencePoint vc="0" uspid="33" ordinal="10" offset="174" sl="105" sc="13" el="105" ec="39" bec="0" bev="0" fileid="10" />
                <SequencePoint vc="0" uspid="32" ordinal="11" offset="182" sl="106" sc="9" el="106" ec="10" bec="0" bev="0" fileid="10" />
              </SequencePoints>
              <BranchPoints />
              <MethodPoint xsi:type="SequencePoint" vc="0" uspid="43" ordinal="0" offset="0" sl="84" sc="9" el="84" ec="10" bec="0" bev="0" fileid="10" />
            </Method>
            <Method visited="false" cyclomaticComplexity="1" nPathComplexity="0" sequenceCoverage="0" branchCoverage="0" isConstructor="true" isStatic="false" isGetter="false" isSetter="false" crapScore="0">
              <Summary numSequencePoints="0" visitedSequencePoints="0" numBranchPoints="0" visitedBranchPoints="0" sequenceCoverage="0" branchCoverage="0" maxCyclomaticComplexity="1" minCyclomaticComplexity="1" visitedClasses="0" numClasses="0" visitedMethods="0" numMethods="0" minCrapScore="0" maxCrapScore="0" />
              <MetadataToken>100663321</MetadataToken>
              <Name>System.Void MilestoneTG.NHibernate.AspNetCore.Tests.UnitTest1::.ctor()</Name>
              <SequencePoints />
              <BranchPoints />
              <MethodPoint vc="0" uspid="100663321" ordinal="0" offset="0" />
            </Method>
          </Methods>
        </Class>
      </Classes>
    </Module>
  </Modules>
</CoverageSession>